<?xml version="1.0" encoding="UTF-8"?>
<!-- Generated by org.testng.reporters.JUnitXMLReporter -->
<testsuite ignored="0" hostname="PREM-OPTIMUS" failures="0" tests="4" name="Default test" time="0.06" errors="0" timestamp="04 Oct 2022 07:22:10 GMT">
  <testcase classname="pack.TestDependency" name="orange" time="0.011"/>
  <testcase classname="pack.TestDependency" name="white" time="0.002"/>
  <testcase classname="pack.TestDependency" name="blue" time="0.002">
    <skipped/>
  </testcase> <!-- blue -->
  <testcase classname="pack.TestDependency" name="green" time="0.0">
    <skipped/>
  </testcase> <!-- green -->
</testsuite> <!-- Default test -->
