<?xml version="1.0" encoding="UTF-8"?>
<!-- Generated by org.testng.reporters.JUnitReportReporter -->
<testsuite hostname="PREM-OPTIMUS" failures="1" tests="1" name="org.tests.FindElementsConcept" time="88.466" errors="0" timestamp="03 Oct 2022 06:34:43 GMT" skipped="0">
  <testcase classname="org.tests.FindElementsConcept" name="elementsTest" time="88.466">
    <failure message="List size mismatch: expected: &lt; 400, actual: 406, collection: By.tagName: a
Elements: [
	&lt;a id=&quot;nav-top&quot; type displayed:false&gt;&lt;/a&gt;,
	&lt;a class=&quot;skip-link&quot; id=&quot;skiplink&quot; tabindex=&quot;0&quot; type&gt;Skip to main content&lt;/a&gt;,
	&lt;a aria-label=&quot;Amazon&quot; class=&quot;nav-logo-link nav-progressive-attribute&quot; href=&quot;/ref=nav_logo&quot; id=&quot;nav-logo-sprites&quot; type&gt;&lt;/a&gt;,
	&lt;a class=&quot;nav-a nav-a-2 a-popover-trigger a-declarative nav-progressive-attribute&quot; id=&quot;nav-global-location-popover-link&quot; tabindex=&quot;0&quot; type&gt;Deliver to
India&lt;/a&gt;,
	&lt;a aria-label=&quot;Choose a language for shopping.&quot; class=&quot;nav-a nav-a-2 icp-link-style-2&quot; href=&quot;/customer-preferences/edit?ie=UTF8&amp;preferencesReturnUrl=%2F&amp;ref_=topnav_lang&quot; id=&quot;icp-nav-flyout&quot; type&gt;English&lt;/a&gt;,
	&lt;a class=&quot;nav-a nav-a-2   nav-progressive-attribute&quot; data-csa-c-content-id=&quot;nav_ya_signin&quot; data-csa-c-id=&quot;njnoo2-bjqpcm-mrxns3-3crjf6&quot; data-csa-c-slot-id=&quot;nav-link-accountList&quot; data-csa-c-type=&quot;link&quot; data-nav-ref=&quot;nav_ya_signin&quot; data-nav-role=&quot;signin&quot; data-ux-jq-mouseenter=&quot;true&quot; href=&quot;https://www.amazon.com/ap/signin?openid.pape.max_auth_age=0&amp;openid.return_to=https%3A%2F%2Fwww.amazon.com%2F%3Fref_%3Dnav_ya_signin&amp;openid.identity=http%3A%2F%2Fspecs.openid.net%2Fauth%2F2.0%2Fidentifier_select&amp;openid.assoc_handle=usflex&amp;openid.mode=checkid_setup&amp;openid.claimed_id=http%3A%2F%2Fspecs.openid.net%2Fauth%2F2.0%2Fidentifier_select&amp;openid.ns=http%3A%2F%2Fspecs.openid.net%2Fauth%2F2.0&amp;&quot; id=&quot;nav-link-accountList&quot; tabindex=&quot;0&quot; type&gt;Hello, sign in
Account &amp; Lists&lt;/a&gt;,
	&lt;a class=&quot;nav-a nav-a-2   nav-progressive-attribute&quot; href=&quot;/gp/css/order-history?ref_=nav_orders_first&quot; id=&quot;nav-orders&quot; tabindex=&quot;0&quot; type&gt;Returns
&amp; Orders&lt;/a&gt;,
	&lt;a aria-label=&quot;0 items in cart&quot; class=&quot;nav-a nav-a-2 nav-progressive-attribute&quot; href=&quot;/gp/cart/view.html?ref_=nav_cart&quot; id=&quot;nav-cart&quot; type&gt;0
Cart&lt;/a&gt;,
	&lt;a class=&quot;nav-action-button&quot; data-nav-ref=&quot;nav_signin&quot; data-nav-role=&quot;signin&quot; href=&quot;https://www.amazon.com/ap/signin?openid.pape.max_auth_age=0&amp;openid.return_to=https%3A%2F%2Fwww.amazon.com%2F%3Fref_%3Dnav_signin&amp;openid.identity=http%3A%2F%2Fspecs.openid.net%2Fauth%2F2.0%2Fidentifier_select&amp;openid.assoc_handle=usflex&amp;openid.mode=checkid_setup&amp;openid.claimed_id=http%3A%2F%2Fspecs.openid.net%2Fauth%2F2.0%2Fidentifier_select&amp;openid.ns=http%3A%2F%2Fspecs.openid.net%2Fauth%2F2.0&amp;&quot; rel=&quot;nofollow&quot; type displayed:false&gt;&lt;/a&gt;,
	&lt;a class=&quot;nav-a&quot; href=&quot;https://www.amazon.com/ap/register?openid.pape.max_auth_age=0&amp;openid.return_to=https%3A%2F%2Fwww.amazon.com%2F%3F_encoding%3DUTF8%26ref_%3Dnav_newcust&amp;openid.identity=http%3A%2F%2Fspecs.openid.net%2Fauth%2F2.0%2Fidentifier_select&amp;openid.assoc_handle=usflex&amp;openid.mode=checkid_setup&amp;openid.claimed_id=http%3A%2F%2Fspecs.openid.net%2Fauth%2F2.0%2Fidentifier_select&amp;openid.ns=http%3A%2F%2Fspecs.openid.net%2Fauth%2F2.0&amp;&quot; rel=&quot;nofollow&quot; type displayed:false&gt;&lt;/a&gt;,
	&lt;a class=&quot;nav-link nav-item&quot; href=&quot;/hz/wishlist/ls?triggerElementID=createList&amp;ref_=nav_ListFlyout_navFlyout_createList_lv_redirect&quot; type displayed:false&gt;&lt;/a&gt;,
	&lt;a class=&quot;nav-link nav-item&quot; href=&quot;/registries?ref_=nav_ListFlyout_find&quot; type displayed:false&gt;&lt;/a&gt;,
	&lt;a class=&quot;nav-link nav-item&quot; href=&quot;/hz/charitylist/homepage?ref_=nav_ListFlyout_smi_se_ya_lll_ll&quot; type displayed:false&gt;&lt;/a&gt;,
	&lt;a class=&quot;nav-link nav-item&quot; href=&quot;/gp/css/homepage.html?ref_=nav_AccountFlyout_ya&quot; type displayed:false&gt;&lt;/a&gt;,
	&lt;a class=&quot;nav-link nav-item&quot; href=&quot;/gp/css/order-history?ref_=nav_AccountFlyout_orders&quot; id=&quot;nav_prefetch_yourorders&quot; type displayed:false&gt;&lt;/a&gt;,
	&lt;a class=&quot;nav-link nav-item&quot; href=&quot;/gp/yourstore?ref_=nav_AccountFlyout_recs&quot; type displayed:false&gt;&lt;/a&gt;,
	&lt;a class=&quot;nav-link nav-item&quot; href=&quot;/gp/history?ref_=nav_AccountFlyout_browsinghistory&quot; type displayed:false&gt;&lt;/a&gt;,
	&lt;a class=&quot;nav-link nav-item&quot; href=&quot;/gp/video/watchlist?ref_=nav_AccountFlyout_ywl&quot; type displayed:false&gt;&lt;/a&gt;,
	&lt;a class=&quot;nav-link nav-item&quot; href=&quot;/gp/video/library?ref_=nav_AccountFlyout_yvl&quot; type displayed:false&gt;&lt;/a&gt;,
	&lt;a class=&quot;nav-link nav-item&quot; href=&quot;/gp/kindle/ku/ku_central?ref_=nav_AccountFlyout_ku&quot; type displayed:false&gt;&lt;/a&gt;,
	&lt;a class=&quot;nav-link nav-item&quot; href=&quot;/hz/mycd/myx?pageType=content&amp;ref_=nav_AccountFlyout_myk&quot; type displayed:false&gt;&lt;/a&gt;,
	&lt;a class=&quot;nav-link nav-item&quot; href=&quot;/gp/subscribe-and-save/manager/viewsubscriptions?ref_=nav_AccountFlyout_sns&quot; type displayed:false&gt;&lt;/a&gt;,
	&lt;a class=&quot;nav-link nav-item&quot; href=&quot;/hz5/yourmembershipsandsubscriptions?ref_=nav_AccountFlyout_digital_subscriptions&quot; type displayed:false&gt;&lt;/a&gt;,
	&lt;a class=&quot;nav-link nav-item&quot; href=&quot;/gp/subs/primeclub/account/homepage.html?ref_=nav_AccountFlyout_prime&quot; type displayed:false&gt;&lt;/a&gt;,
	&lt;a class=&quot;nav-link nav-item&quot; href=&quot;https://www.amazon.com/credit/landing?ref_=nav_AccountFlyout_ya_amazon_cc_landing_ms&quot; type displayed:false&gt;&lt;/a&gt;,
	&lt;a class=&quot;nav-link nav-item&quot; href=&quot;https://music.amazon.com?ref=nav_youraccount_cldplyr&quot; type displayed:false&gt;&lt;/a&gt;,
	&lt;a class=&quot;nav-link nav-item&quot; href=&quot;/b/?node=12766669011&amp;ld=AZUSSOA-yaflyout&amp;ref_=nav_AccountFlyout_cs_sell&quot; type displayed:false&gt;&lt;/a&gt;,
	&lt;a class=&quot;nav-link nav-item&quot; href=&quot;/gp/browse.html?node=11261610011&amp;ref_=nav_AccountFlyout_b2b_reg&quot; type displayed:false&gt;&lt;/a&gt;,
	&lt;a class=&quot;nav-link nav-item&quot; href=&quot;https://www.amazon.com/hz/contact-us?ref_=nav_AccountFlyout_CS&quot; type displayed:false&gt;&lt;/a&gt;,
	&lt;a class=&quot;nav-action-button&quot; data-nav-ref=&quot;nav_custrec_signin&quot; data-nav-role=&quot;signin&quot; href=&quot;https://www.amazon.com/ap/signin?openid.pape.max_auth_age=0&amp;openid.return_to=https%3A%2F%2Fwww.amazon.com%2F%3Fref_%3Dnav_custrec_signin&amp;openid.identity=http%3A%2F%2Fspecs.openid.net%2Fauth%2F2.0%2Fidentifier_select&amp;openid.assoc_handle=usflex&amp;openid.mode=checkid_setup&amp;openid.claimed_id=http%3A%2F%2Fspecs.openid.net%2Fauth%2F2.0%2Fidentifier_select&amp;openid.ns=http%3A%2F%2Fspecs.openid.net%2Fauth%2F2.0&amp;&quot; type displayed:false&gt;&lt;/a&gt;,
	&lt;a class=&quot;nav-a&quot; href=&quot;https://www.amazon.com/ap/register?openid.pape.max_auth_age=0&amp;openid.return_to=https%3A%2F%2Fwww.amazon.com%2F%3F_encoding%3DUTF8%26ref_%3Dnav_custrec_newcust&amp;openid.identity=http%3A%2F%2Fspecs.openid.net%2Fauth%2F2.0%2Fidentifier_select&amp;openid.assoc_handle=usflex&amp;openid.mode=checkid_setup&amp;openid.claimed_id=http%3A%2F%2Fspecs.openid.net%2Fauth%2F2.0%2Fidentifier_select&amp;openid.ns=http%3A%2F%2Fspecs.openid.net%2Fauth%2F2.0&amp;&quot; type displayed:false&gt;&lt;/a&gt;,
	&lt;a aria-label=&quot;Open Menu&quot; data-csa-c-id=&quot;50ximw-ksdjdj-xb1qyn-tuccz6&quot; data-csa-c-interaction-events=&quot;click&quot; data-csa-c-slot-id=&quot;HamburgerMenuDesktop&quot; data-csa-c-type=&quot;widget&quot; href=&quot;javascript: void(0)&quot; id=&quot;nav-hamburger-menu&quot; role=&quot;button&quot; type&gt;All&lt;/a&gt;,
	&lt;a aria-label=&quot;Click to call our Disability Customer Support line, or reach us directly at 1-888-283-1678&quot; class=&quot;nav-hidden-aria  &quot; data-csa-c-id=&quot;ykxb8j-1lytay-6pfqyn-wttmp4&quot; data-csa-c-slot-id=&quot;nav_cs_0&quot; data-csa-c-type=&quot;link&quot; href=&quot;/gp/help/customer/accessibility&quot; tabindex=&quot;0&quot; type displayed:false&gt;&lt;/a&gt;,
	&lt;a class=&quot;nav-a  &quot; data-csa-c-content-id=&quot;nav_cs_bestsellers&quot; data-csa-c-id=&quot;auv6nh-wwlahd-gtixwn-5in25x&quot; data-csa-c-slot-id=&quot;nav_cs_1&quot; data-csa-c-type=&quot;link&quot; href=&quot;/gp/bestsellers/?ref_=nav_cs_bestsellers&quot; tabindex=&quot;0&quot; type&gt;Best Sellers&lt;/a&gt;,
	&lt;a class=&quot;nav-a  &quot; data-csa-c-content-id=&quot;nav_cs_amazonbasics&quot; data-csa-c-id=&quot;kj9gwc-ugjsrr-72geis-wtrwu1&quot; data-csa-c-slot-id=&quot;nav_cs_2&quot; data-csa-c-type=&quot;link&quot; href=&quot;/stores/node/20648519011?channel=discovbar?field-lbr_brands_browse-bin=AmazonBasics&amp;ref_=nav_cs_amazonbasics&quot; tabindex=&quot;0&quot; type&gt;Amazon Basics&lt;/a&gt;,
	&lt;a class=&quot;nav-a  &quot; data-csa-c-content-id=&quot;nav_cs_customerservice&quot; data-csa-c-id=&quot;le5kn1-orvm7v-gihy8w-y1f3g2&quot; data-csa-c-slot-id=&quot;nav_cs_3&quot; data-csa-c-type=&quot;link&quot; href=&quot;/gp/help/customer/display.html?nodeId=508510&amp;ref_=nav_cs_customerservice&quot; tabindex=&quot;0&quot; type&gt;Customer Service&lt;/a&gt;,
	&lt;a class=&quot;nav-a  &quot; data-csa-c-content-id=&quot;nav_cs_newreleases&quot; data-csa-c-id=&quot;pci4lm-pzxbex-nq5lcq-ga1qhw&quot; data-csa-c-slot-id=&quot;nav_cs_4&quot; data-csa-c-type=&quot;link&quot; href=&quot;/gp/new-releases/?ref_=nav_cs_newreleases&quot; tabindex=&quot;0&quot; type&gt;New Releases&lt;/a&gt;,
	&lt;a class=&quot;nav-a  &quot; data-csa-c-content-id=&quot;nav_cs_gb&quot; data-csa-c-id=&quot;7d4dna-cb0smg-h4cg0o-y60dzp&quot; data-csa-c-slot-id=&quot;nav_cs_5&quot; data-csa-c-type=&quot;link&quot; href=&quot;/deals?ref_=nav_cs_gb&quot; tabindex=&quot;0&quot; type&gt;Today&#039;s Deals&lt;/a&gt;,
	&lt;a class=&quot;nav-a  &quot; data-csa-c-content-id=&quot;nav_cs_primelink_nonmember&quot; data-csa-c-id=&quot;9jflth-cu7e25-ghlhee-rcp2mu&quot; data-csa-c-slot-id=&quot;nav-link-amazonprime&quot; data-csa-c-type=&quot;link&quot; data-ux-jq-mouseenter=&quot;true&quot; href=&quot;/prime?ref_=nav_cs_primelink_nonmember&quot; id=&quot;nav-link-amazonprime&quot; tabindex=&quot;0&quot; type&gt;Prime&lt;/a&gt;,
	&lt;a class=&quot;nav-a  &quot; data-csa-c-content-id=&quot;nav_cs_music&quot; data-csa-c-id=&quot;pdr8qi-az3ozi-1ngbv3-iifd8h&quot; data-csa-c-slot-id=&quot;nav_cs_7&quot; data-csa-c-type=&quot;link&quot; href=&quot;/music/unlimited?ref_=nav_cs_music&quot; tabindex=&quot;0&quot; type&gt;Music&lt;/a&gt;,
	&lt;a class=&quot;nav-a  &quot; data-csa-c-content-id=&quot;nav_cs_books&quot; data-csa-c-id=&quot;eihh5l-r1stny-ks2n9d-r1b1ih&quot; data-csa-c-slot-id=&quot;nav_cs_8&quot; data-csa-c-type=&quot;link&quot; href=&quot;/books-used-books-textbooks/b/?ie=UTF8&amp;node=283155&amp;ref_=nav_cs_books&quot; tabindex=&quot;0&quot; type&gt;Books&lt;/a&gt;,
	&lt;a class=&quot;nav-a  &quot; data-csa-c-content-id=&quot;nav_cs_pharmacy&quot; data-csa-c-id=&quot;yyh6xg-3clqlc-iczofb-jzjh11&quot; data-csa-c-slot-id=&quot;nav_cs_9&quot; data-csa-c-type=&quot;link&quot; href=&quot;https://pharmacy.amazon.com/?ref_=nav_cs_pharmacy&quot; tabindex=&quot;0&quot; type&gt;Pharmacy&lt;/a&gt;,
	&lt;a class=&quot;nav-a  &quot; data-csa-c-content-id=&quot;nav_cs_registry&quot; data-csa-c-id=&quot;hljgk7-1txwpx-gcogzp-k9q87q&quot; data-csa-c-slot-id=&quot;nav_cs_10&quot; data-csa-c-type=&quot;link&quot; href=&quot;/gp/browse.html?node=16115931011&amp;ref_=nav_cs_registry&quot; tabindex=&quot;0&quot; type&gt;Registry&lt;/a&gt;,
	&lt;a class=&quot;nav-a  &quot; data-csa-c-content-id=&quot;nav_cs_kindle_books&quot; data-csa-c-id=&quot;jvbqty-rjiqsl-sf3iii-h46e8e&quot; data-csa-c-slot-id=&quot;nav_cs_11&quot; data-csa-c-type=&quot;link&quot; href=&quot;/Kindle-eBooks/b/?ie=UTF8&amp;node=154606011&amp;ref_=nav_cs_kindle_books&quot; tabindex=&quot;0&quot; type&gt;Kindle Books&lt;/a&gt;,
	&lt;a class=&quot;nav-a  &quot; data-csa-c-content-id=&quot;nav_cs_home&quot; data-csa-c-id=&quot;m6s46i-88o6xs-pi9xim-rrf7ay&quot; data-csa-c-slot-id=&quot;nav_cs_12&quot; data-csa-c-type=&quot;link&quot; href=&quot;/home-garden-kitchen-furniture-bedding/b/?ie=UTF8&amp;node=1055398&amp;ref_=nav_cs_home&quot; tabindex=&quot;0&quot; type displayed:false&gt;&lt;/a&gt;,
	&lt;a class=&quot;nav-a  &quot; data-csa-c-content-id=&quot;nav_cs_fashion&quot; data-csa-c-id=&quot;yf4a5z-qffjps-9sfm67-ibegeb&quot; data-csa-c-slot-id=&quot;nav_cs_13&quot; data-csa-c-type=&quot;link&quot; href=&quot;/amazon-fashion/b/?ie=UTF8&amp;node=7141123011&amp;ref_=nav_cs_fashion&quot; tabindex=&quot;0&quot; type displayed:false&gt;&lt;/a&gt;,
	&lt;a class=&quot;nav-a  &quot; data-csa-c-content-id=&quot;nav_cs_gc&quot; data-csa-c-id=&quot;lkkiu1-whx0qe-txrwpl-jawz0q&quot; data-csa-c-slot-id=&quot;nav_cs_14&quot; data-csa-c-type=&quot;link&quot; href=&quot;/gift-cards/b/?ie=UTF8&amp;node=2238192011&amp;ref_=nav_cs_gc&quot; tabindex=&quot;0&quot; type displayed:false&gt;&lt;/a&gt;,
	&lt;a class=&quot;nav-a  &quot; data-csa-c-content-id=&quot;nav_cs_toys&quot; data-csa-c-id=&quot;1p5pyn-qfmpjc-qqw2a5-ep0hk8&quot; data-csa-c-slot-id=&quot;nav_cs_15&quot; data-csa-c-type=&quot;link&quot; href=&quot;/toys/b/?ie=UTF8&amp;node=165793011&amp;ref_=nav_cs_toys&quot; tabindex=&quot;0&quot; type displayed:false&gt;&lt;/a&gt;,
	&lt;a class=&quot;nav-a  &quot; data-csa-c-content-id=&quot;nav_cs_sell&quot; data-csa-c-id=&quot;pu25g2-u4o9hm-3qhqwp-shd1ji&quot; data-csa-c-slot-id=&quot;nav_cs_16&quot; data-csa-c-type=&quot;link&quot; href=&quot;/b/?_encoding=UTF8&amp;ld=AZUSSOA-sell&amp;node=12766669011&amp;ref_=nav_cs_sell&quot; tabindex=&quot;0&quot; type displayed:false&gt;&lt;/a&gt;,
	&lt;a class=&quot;nav-a  &quot; data-csa-c-content-id=&quot;nav_cs_amazon_explore&quot; data-csa-c-id=&quot;fam2m3-otdcz4-hd2zdt-aad01n&quot; data-csa-c-slot-id=&quot;nav_cs_17&quot; data-csa-c-type=&quot;link&quot; href=&quot;/explore?ref_=nav_cs_amazon_explore&quot; tabindex=&quot;0&quot; type displayed:false&gt;&lt;/a&gt;,
	&lt;a class=&quot;nav-a  &quot; data-csa-c-content-id=&quot;nav_cs_automotive&quot; data-csa-c-id=&quot;yctnb4-cy1dy8-n8vilu-40e294&quot; data-csa-c-slot-id=&quot;nav_cs_18&quot; data-csa-c-type=&quot;link&quot; href=&quot;/automotive-auto-truck-replacements-parts/b/?ie=UTF8&amp;node=15684181&amp;ref_=nav_cs_automotive&quot; tabindex=&quot;0&quot; type displayed:false&gt;&lt;/a&gt;,
	&lt;a class=&quot;nav-a  &quot; data-csa-c-content-id=&quot;nav_cs_pc&quot; data-csa-c-id=&quot;jydo7f-3soiux-j6nroi-bff16t&quot; data-csa-c-slot-id=&quot;nav_cs_19&quot; data-csa-c-type=&quot;link&quot; href=&quot;/computer-pc-hardware-accessories-add-ons/b/?ie=UTF8&amp;node=541966&amp;ref_=nav_cs_pc&quot; tabindex=&quot;0&quot; type displayed:false&gt;&lt;/a&gt;,
	&lt;a class=&quot;nav-a  &quot; data-csa-c-content-id=&quot;nav_cs_coupons&quot; data-csa-c-id=&quot;yokcv5-xv16e7-7ljz97-9d6yrn&quot; data-csa-c-slot-id=&quot;nav_cs_20&quot; data-csa-c-type=&quot;link&quot; href=&quot;/Coupons/b/?_encoding=UTF8&amp;node=2231352011&amp;ref_=nav_cs_coupons&quot; tabindex=&quot;0&quot; type displayed:false&gt;&lt;/a&gt;,
	&lt;a class=&quot;nav-a  &quot; data-csa-c-content-id=&quot;nav_cs_shoppertoolkit&quot; data-csa-c-id=&quot;vb25wq-2jsdox-de77u4-xhtu9n&quot; data-csa-c-slot-id=&quot;nav_cs_21&quot; data-csa-c-type=&quot;link&quot; href=&quot;/b/?node=17867753011&amp;ref_=nav_cs_shoppertoolkit&quot; tabindex=&quot;0&quot; type displayed:false&gt;&lt;/a&gt;,
	&lt;a class=&quot;nav-a  &quot; data-csa-c-content-id=&quot;nav_cs_beauty&quot; data-csa-c-id=&quot;kgw7ia-p7tioo-smcsjx-bq3pc5&quot; data-csa-c-slot-id=&quot;nav_cs_22&quot; data-csa-c-type=&quot;link&quot; href=&quot;/Beauty-Makeup-Skin-Hair-Products/b/?ie=UTF8&amp;node=3760911&amp;ref_=nav_cs_beauty&quot; tabindex=&quot;0&quot; type displayed:false&gt;&lt;/a&gt;,
	&lt;a class=&quot;nav-a  &quot; data-csa-c-content-id=&quot;nav_cs_hi&quot; data-csa-c-id=&quot;xef6ol-l81e4i-jdgmj-zd4vaf&quot; data-csa-c-slot-id=&quot;nav_cs_23&quot; data-csa-c-type=&quot;link&quot; href=&quot;/Tools-and-Home-Improvement/b/?ie=UTF8&amp;node=228013&amp;ref_=nav_cs_hi&quot; tabindex=&quot;0&quot; type displayed:false&gt;&lt;/a&gt;,
	&lt;a class=&quot;nav-a  &quot; data-csa-c-content-id=&quot;nav_cs_luxury&quot; data-csa-c-id=&quot;fn06eq-413tkc-3todbs-fa5uhl&quot; data-csa-c-slot-id=&quot;nav_cs_24&quot; data-csa-c-type=&quot;link&quot; href=&quot;/luxurystores?ref_=nav_cs_luxury&quot; tabindex=&quot;0&quot; type displayed:false&gt;&lt;/a&gt;,
	&lt;a class=&quot;nav-a  &quot; data-csa-c-content-id=&quot;nav_cs_video_games&quot; data-csa-c-id=&quot;f6pxju-nkjfe2-fz1npk-ci70xs&quot; data-csa-c-slot-id=&quot;nav_cs_25&quot; data-csa-c-type=&quot;link&quot; href=&quot;/computer-video-games-hardware-accessories/b/?ie=UTF8&amp;node=468642&amp;ref_=nav_cs_video_games&quot; tabindex=&quot;0&quot; type displayed:false&gt;&lt;/a&gt;,
	&lt;a class=&quot;nav-a  &quot; data-csa-c-content-id=&quot;nav_cs_pets&quot; data-csa-c-id=&quot;fj1a2u-sl8pa3-qixyce-qw7agi&quot; data-csa-c-slot-id=&quot;nav_cs_26&quot; data-csa-c-type=&quot;link&quot; href=&quot;/pet-shops-dogs-cats-hamsters-kittens/b/?ie=UTF8&amp;node=2619533011&amp;ref_=nav_cs_pets&quot; tabindex=&quot;0&quot; type displayed:false&gt;&lt;/a&gt;,
	&lt;a class=&quot;nav-a  &quot; data-csa-c-content-id=&quot;nav_cs_hpc&quot; data-csa-c-id=&quot;4fsexs-xvsg89-3h4mbz-tvvcg5&quot; data-csa-c-slot-id=&quot;nav_cs_27&quot; data-csa-c-type=&quot;link&quot; href=&quot;/health-personal-care-nutrition-fitness/b/?ie=UTF8&amp;node=3760901&amp;ref_=nav_cs_hpc&quot; tabindex=&quot;0&quot; type displayed:false&gt;&lt;/a&gt;,
	&lt;a class=&quot;nav-a  &quot; data-csa-c-content-id=&quot;nav_cs_handmade&quot; data-csa-c-id=&quot;v1z17x-9y4bbk-9v4ie8-btkc6k&quot; data-csa-c-slot-id=&quot;nav_cs_28&quot; data-csa-c-type=&quot;link&quot; href=&quot;/Handmade/b/?ie=UTF8&amp;node=11260432011&amp;ref_=nav_cs_handmade&quot; tabindex=&quot;0&quot; type displayed:false&gt;&lt;/a&gt;,
	&lt;a class=&quot;nav-a  &quot; data-csa-c-content-id=&quot;nav_cs_smart_home&quot; data-csa-c-id=&quot;xo3di6-t2o0p5-n73dz9-kg357f&quot; data-csa-c-slot-id=&quot;nav_cs_29&quot; data-csa-c-type=&quot;link&quot; href=&quot;/Smart-Home/b/?ie=UTF8&amp;node=6563140011&amp;ref_=nav_cs_smart_home&quot; tabindex=&quot;0&quot; type displayed:false&gt;&lt;/a&gt;,
	&lt;a class=&quot;nav_a nav-swm-text nav-progressive-attribute nav-progressive-content&quot; href=&quot;/gcx/Hispanic-Goods/gfhz/events/?_encoding=UTF8&amp;categoryId=hhmshop&amp;ref_=nav_swm_US_HHM22_GW_Desk_SWM_2&amp;pf_rd_p=b9b73154-7d76-46a0-bc8c-2d579064d20e&amp;pf_rd_s=nav-sitewide-msg-text&amp;pf_rd_t=4201&amp;pf_rd_i=navbar-4201&amp;pf_rd_m=ATVPDKIKX0DER&amp;pf_rd_r=0AFEHW28M5QQ959AA9JM&quot; id=&quot;swm-link&quot; tabindex=&quot;0&quot; type&gt;Shop Hispanic &amp; Latino goods&lt;/a&gt;,
	&lt;a id=&quot;skippedLink&quot; tabindex=&quot;-1&quot; type displayed:false&gt;&lt;/a&gt;,
	&lt;a name=&quot;top&quot; type displayed:false&gt;&lt;/a&gt;,
	&lt;a aria-disabled=&quot;false&quot; class=&quot;a-carousel-goto-prevpage&quot; href=&quot;#&quot; tabindex=&quot;0&quot; type&gt;&lt;/a&gt;,
	&lt;a aria-label=&quot;Automatic soap dispenser with 20-second timer. Amazon Smart Soap Dispenser. Works with Alexa.&quot; href=&quot;/dp/B08GWRT223/ref=ods_gw_eg_d_h5_vicc_grbau/?_encoding=UTF8&amp;pd_rd_w=7tltd&amp;content-id=amzn1.sym.1140982a-25b9-4b37-90d5-43712c1aef92&amp;pf_rd_p=1140982a-25b9-4b37-90d5-43712c1aef92&amp;pf_rd_r=0AFEHW28M5QQ959AA9JM&amp;pd_rd_wg=d7MrO&amp;pd_rd_r=912936de-2f0a-4311-a80d-0cabf98f628a&amp;ref_=pd_gw_unk&quot; target type displayed:false&gt;&lt;/a&gt;,
	&lt;a aria-label=&quot;Fire TV smart TVs for as low as $99.99&quot; href=&quot;/b/?ie=UTF8&amp;node=11851273011&amp;deals-widget=%257B%2522presetId%2522%3A%2522ftve%2522%257D&amp;pd_rd_w=tocOG&amp;content-id=amzn1.sym.41839500-ada9-4f1c-a0c4-f97653342bca&amp;pf_rd_p=41839500-ada9-4f1c-a0c4-f97653342bca&amp;pf_rd_r=0AFEHW28M5QQ959AA9JM&amp;pd_rd_wg=d7MrO&amp;pd_rd_r=912936de-2f0a-4311-a80d-0cabf98f628a&amp;ref_=pd_gw_unk&quot; target type displayed:false&gt;&lt;/a&gt;,
	&lt;a class=&quot;a-link-normal _cropped-image-link_style_centerImage__1rzYI aok-block image-window&quot; href=&quot;/dp/B09QHCPD34/ref=dvm_us_or_cs_SH_all_22LTUMEP6_MWAC/&quot; type displayed:false&gt;&lt;/a&gt;,
	&lt;a class=&quot;a-link-normal _cropped-image-link_style_centerImage__1rzYI aok-block image-window&quot; href=&quot;/earlyaccess/?_encoding=UTF8&amp;ref_=US_PEAS22_LU_GW_Desk_Hero_PeasDates&quot; type&gt;&lt;/a&gt;,
	&lt;a class=&quot;a-link-normal _cropped-image-link_style_centerImage__1rzYI aok-block image-window&quot; href=&quot;/b/ref=US_HHM22_P1_GW_Desk_Hero_Hub?_encoding=UTF8&amp;node=23589917011&quot; type&gt;&lt;/a&gt;,
	&lt;a aria-disabled=&quot;false&quot; class=&quot;a-carousel-goto-nextpage&quot; href=&quot;#&quot; tabindex=&quot;0&quot; type&gt;&lt;/a&gt;,
	&lt;a class=&quot;a-size-base a-link-normal&quot; href=&quot;/b/?node=17285237011&quot; type&gt;Donate now&lt;/a&gt;,
	&lt;a aria-label=&quot;Amazon Music Unlimited: 90 million songs ad-free&quot; class=&quot;a-link-normal image-redirect aok-block image-window&quot; href=&quot;/music/unlimited?ref=_US_PEAS22_LU_GW_Desk_DashQuad_Music5&quot; type&gt;Amazon Music: Listen ad-free&lt;/a&gt;,
	&lt;a aria-label=&quot;Amazon echo with yellow notification ring. Let Alexa help with deals. Alexa Shopping&quot; class=&quot;a-link-normal image-redirect aok-block image-window&quot; href=&quot;/b?node=23775761011&amp;ref_=US_PEAS22_LU_GW_Desk_DashQuad_Alexa5&quot; type&gt;Let Alexa help with deals&lt;/a&gt;,
	&lt;a aria-label=&quot;Grubhub+ is free with Prime&quot; class=&quot;a-link-normal image-redirect aok-block image-window&quot; href=&quot;/prime/offer/grubhub/prime-deal?ref_=US_PEAS22_LU_GW_Desk_DashQuad_GH5&quot; type&gt;Grubhub+ is free with Prime&lt;/a&gt;,
	&lt;a aria-label=&quot;Save up to 50% on movies and more&quot; class=&quot;a-link-normal image-redirect aok-block image-window&quot; href=&quot;/gp/video/storefront/ref=atv_hm_hom_c_9zZ8D2_1_7?contentType=merch&amp;contentId=deals&amp;merchId=deals&amp;ref=_US_PEAS22_LU_GW_Desk_DashQuad_Video5&quot; type&gt;Epic deals on TV &amp; more&lt;/a&gt;,
	&lt;a class=&quot;a-link-normal see-more truncate-1line&quot; href=&quot;/earlyaccess?ref=US_PEAS22_LU_GW_Desk_DashQuad5&quot; type&gt;Shop early deals&lt;/a&gt;,
	&lt;a class=&quot;a-link-normal center-image aok-block image-window&quot; href=&quot;/b/?node=24230892011&amp;ref_=dtech_gw_topcard_ff_oct&quot; type&gt;&lt;/a&gt;,
	&lt;a class=&quot;a-link-normal see-more truncate-1line&quot; href=&quot;/b/?node=24230892011&amp;ref_=dtech_gw_topcard_ff_oct&quot; type&gt;Shop all fall favorites&lt;/a&gt;,
	&lt;a aria-label=&quot;Women&quot; class=&quot;a-link-normal image-redirect aok-block image-window&quot; href=&quot;/b?node=24018163011&amp;ref_=af_gw_DQC_Oct_Halloween_05_W&quot; type&gt;Women&lt;/a&gt;,
	&lt;a aria-label=&quot;Men&quot; class=&quot;a-link-normal image-redirect aok-block image-window&quot; href=&quot;/b?node=24018157011&amp;ref_=af_gw_DQC_Oct_Halloween_05_M&quot; type&gt;Men&lt;/a&gt;,
	&lt;a aria-label=&quot;Kids&quot; class=&quot;a-link-normal image-redirect aok-block image-window&quot; href=&quot;/b?node=24018166011&amp;ref_=af_gw_DQC_Oct_Halloween_05_K&quot; type&gt;Kids&lt;/a&gt;,
	&lt;a aria-label=&quot;Family&quot; class=&quot;a-link-normal image-redirect aok-block image-window&quot; href=&quot;/b?node=24018160011&amp;ref_=af_gw_DQC_Oct_Halloween_05_F&quot; type&gt;Family&lt;/a&gt;,
	&lt;a class=&quot;a-link-normal see-more truncate-1line&quot; href=&quot;/b?node=24018160011&amp;ref_=af_gw_DQC_Oct_Halloween_05&quot; type&gt;Shop scary-good styles&lt;/a&gt;,
	&lt;a class=&quot;a-link-normal see-more footerLink&quot; href=&quot;/b/?_encoding=UTF8&amp;node=23490265011&quot; type&gt;Get started&lt;/a&gt;,
	&lt;a class=&quot;clickthrough&quot; href=&quot;https://www.amazon.com/asv/reload?aaxitk=a7b8f4f8fff7e816bee360b49d7442c5&amp;ref=o_disp_nahouse_usfallback&quot; target=&quot;_top&quot; type&gt;&lt;/a&gt;,
	&lt;a class=&quot;a-declarative&quot; data-a-modal=&quot;{&quot;url&quot;:&quot;/af/feedback-form?pl=%7B%22adPlacementMetaData%22%3A%7B%22pageUrl%22%3A%22aHR0cHM6Ly93d3cuYW1hem9uLmNvbS8%2F%22%2C%22adElementId%22%3A%22ape_Gateway_right-2_desktop_placement%22%2C%22pageType%22%3A%22Gateway%22%2C%22slotName%22%3A%22right-2%22%7D%2C%22adCreativeMetaData%22%3A%7B%22adProgramId%22%3A%221001%22%2C%22adCreativeTemplateName%22%3A%22Image%22%2C%22adImpressionId%22%3A%22https%3A%2F%2Faax-us-iad.amazon.com%2Fe%2Fxsp%2Fimp%3Fb%3DRO774u21pqOSHqDttsLF814AAAGDnIx8OAEAAAH0AQBOL0EgICAgICAgICAgICBOL0EgICAgICAgICAgICDCE1TR%22%2C%22adCreativeId%22%3A%2217170625401%22%2C%22adId%22%3A%22588458562152201707%22%2C%22adNetwork%22%3A%22cs%22%7D%7D&amp;daFlg=false&amp;ie=UTF-8&quot;,     &quot;name&quot;:&quot;shared-placement-feedback-modal-right-2&quot;,&quot;header&quot;:&quot;Leave feedback&quot;,&quot;width&quot;:&quot;460&quot;}&quot; data-action=&quot;a-modal&quot; tabindex=&quot;0&quot; type&gt;Sponsored&lt;/a&gt;,
	&lt;a class=&quot;a-link-normal center-image aok-block image-window&quot; href=&quot;/s?k=paige+women&amp;i=fashion&amp;rh=n%3A7141123011%2Cp_n_feature_eighteen_browse-bin%3A21451213011ref=prem_gw_DCC_Oct_Brand_Paige&quot; type&gt;&lt;/a&gt;,
	&lt;a class=&quot;a-link-normal see-more truncate-1line&quot; href=&quot;/s?k=paige+women&amp;i=fashion&amp;rh=n%3A7141123011%2Cp_n_feature_eighteen_browse-bin%3A21451213011ref=prem_gw_DCC_Oct_Brand_Paige&quot; type&gt;Shop more styles&lt;/a&gt;,
	&lt;a aria-label=&quot;Home&quot; class=&quot;a-link-normal image-redirect aok-block image-window&quot; href=&quot;/s?bbn=23946848011&amp;rh=n%3A23946848011%2Cp_n_specials_match%3A21213697011&amp;ref_=dtech_gw_topquadcat_sept_cml_deals_c1&quot; type&gt;Home &amp; kitchen&lt;/a&gt;,
	&lt;a aria-label=&quot;Men&#039;s fashion&quot; class=&quot;a-link-normal image-redirect aok-block image-window&quot; href=&quot;/s?i=fashion&amp;bbn=18773708011&amp;rh=n%3A7141123011%2Cn%3A18773708011%2Cn%3A7147441011%2Cp_n_specials_match%3A21213697011&amp;ref=dtech_gw_topquadcat_sept_cml_deals_c2&quot; type&gt;Men&#039;s fashion&lt;/a&gt;,
	&lt;a aria-label=&quot;Beauty&quot; class=&quot;a-link-normal image-redirect aok-block image-window&quot; href=&quot;/s?bbn=23946846011&amp;rh=n%3A23946846011%2Cp_n_specials_match%3A21213697011&amp;ref_=dtech_gw_topquadcat_sept_cml_deals_c3&quot; type&gt;Beauty&lt;/a&gt;,
	&lt;a aria-label=&quot;Women&#039;s fashion&quot; class=&quot;a-link-normal image-redirect aok-block image-window&quot; href=&quot;/s?i=fashion&amp;bbn=18773708011&amp;rh=n%3A7141123011%2Cn%3A18773708011%2Cn%3A7147440011%2Cp_n_specials_match%3A21213697011&amp;ref_=dtech_gw_topquadcat_sept_cml_deals_c4&quot; type&gt;Women&#039;s fashion&lt;/a&gt;,
	&lt;a class=&quot;a-link-normal see-more truncate-1line&quot; href=&quot;/b/?node=23479378011&amp;ref_=dtech_gw_topquadcat_sept_cml_deals_cta&quot; type&gt;Explore deals on 4+ star finds&lt;/a&gt;,
	&lt;a aria-label=&quot;Costumes&quot; class=&quot;a-link-normal image-redirect aok-block image-window&quot; href=&quot;/gcx/Costumes/gfhz/events/?categoryId=hwn22-costumes&quot; type&gt;Costumes&lt;/a&gt;,
	&lt;a aria-label=&quot;Party supplies&quot; class=&quot;a-link-normal image-redirect aok-block image-window&quot; href=&quot;/gcx/Party-Supplies/gfhz/events/?categoryId=hwn22-party-supplies&quot; type&gt;Party supplies&lt;/a&gt;,
	&lt;a aria-label=&quot;Sweets &amp; treats&quot; class=&quot;a-link-normal image-redirect aok-block image-window&quot; href=&quot;/gcx/Candy/gfhz/events/?categoryId=hwn22-candy&quot; type&gt;Sweets &amp; treats&lt;/a&gt;,
	&lt;a aria-label=&quot;Decorate a pumpkin&quot; class=&quot;a-link-normal image-redirect aok-block image-window&quot; href=&quot;/gcx/Decorate-a-Pumpkin/gfhz/events/?categoryId=hwn22-decorate-pmkn&quot; type&gt;Decorate a pumpkin&lt;/a&gt;,
	&lt;a class=&quot;a-link-normal see-more truncate-1line&quot; href=&quot;/halloween&quot; type&gt;Discover more for Halloween&lt;/a&gt;,
	&lt;a class=&quot;a-link-normal center-image aok-block image-window&quot; href=&quot;/gp/video/detail/B0BCC8HLT7/ref=dvm_us_le_cs_HUD_all_ONE2-r&quot; type&gt;&lt;/a&gt;,
	&lt;a class=&quot;a-link-normal see-more truncate-1line&quot; href=&quot;/gp/video/detail/B0BCC8HLT7/ref=dvm_us_le_cs_HUD_all_ONE2-r&quot; type&gt;Exclusive martial arts benefit&lt;/a&gt;,
	&lt;a class=&quot;a-spacing-small a-link-normal a-text-normal&quot; href=&quot;/deal/3f2f2f49?showVariations=false&quot; type displayed:false&gt;&lt;/a&gt;,
	&lt;a class=&quot;a-link-normal see-more truncate-1line&quot; href=&quot;/goldbox/ref=gwd_sad/?_encoding=UTF8&amp;pf_rd_p=0fef8297-f2f8-4b7a-b0ed-1a5b33051cb1&amp;pd_rd_wg=d7MrO&amp;pf_rd_r=0AFEHW28M5QQ959AA9JM&amp;content-id=amzn1.sym.0fef8297-f2f8-4b7a-b0ed-1a5b33051cb1&amp;pd_rd_w=DdQEi&amp;pd_rd_r=912936de-2f0a-4311-a80d-0cabf98f628a&amp;ref_=pd_gw_unk&quot; type displayed:false&gt;&lt;/a&gt;,
	&lt;a class=&quot;a-link-normal&quot; href=&quot;/Apple-MU8F2AM-A-Pencil-Generation/dp/B07K1WWBJK/?_encoding=UTF8&amp;pd_rd_w=lYqbV&amp;content-id=amzn1.sym.64be5821-f651-4b0b-8dd3-4f9b884f10e5&amp;pf_rd_p=64be5821-f651-4b0b-8dd3-4f9b884f10e5&amp;pf_rd_r=0AFEHW28M5QQ959AA9JM&amp;pd_rd_wg=JGVrp&amp;pd_rd_r=32fa10d4-b906-4f10-861a-418346d6e892&amp;ref_=pd_gw_crs_zg_bs_541966&quot; type&gt;&lt;/a&gt;,
	&lt;a class=&quot;a-link-normal&quot; href=&quot;/JETech-Protector-10-2-Inch-Generation-Tempered/dp/B07QPV9MRY/?_encoding=UTF8&amp;pd_rd_w=lYqbV&amp;content-id=amzn1.sym.64be5821-f651-4b0b-8dd3-4f9b884f10e5&amp;pf_rd_p=64be5821-f651-4b0b-8dd3-4f9b884f10e5&amp;pf_rd_r=0AFEHW28M5QQ959AA9JM&amp;pd_rd_wg=JGVrp&amp;pd_rd_r=32fa10d4-b906-4f10-861a-418346d6e892&amp;ref_=pd_gw_crs_zg_bs_541966&quot; type&gt;&lt;/a&gt;,
	&lt;a class=&quot;a-link-normal&quot; href=&quot;/HP-DeskJet-2755e-Wireless-Printer/dp/B08XYP6BJV/?_encoding=UTF8&amp;pd_rd_w=lYqbV&amp;content-id=amzn1.sym.64be5821-f651-4b0b-8dd3-4f9b884f10e5&amp;pf_rd_p=64be5821-f651-4b0b-8dd3-4f9b884f10e5&amp;pf_rd_r=0AFEHW28M5QQ959AA9JM&amp;pd_rd_wg=JGVrp&amp;pd_rd_r=32fa10d4-b906-4f10-861a-418346d6e892&amp;ref_=pd_gw_crs_zg_bs_541966&quot; type&gt;&lt;/a&gt;,
	&lt;a class=&quot;a-link-normal&quot; href=&quot;/2021-Apple-10-2-inch-iPad-Wi-Fi/dp/B09G9FPHY6/?_encoding=UTF8&amp;pd_rd_w=lYqbV&amp;content-id=amzn1.sym.64be5821-f651-4b0b-8dd3-4f9b884f10e5&amp;pf_rd_p=64be5821-f651-4b0b-8dd3-4f9b884f10e5&amp;pf_rd_r=0AFEHW28M5QQ959AA9JM&amp;pd_rd_wg=JGVrp&amp;pd_rd_r=32fa10d4-b906-4f10-861a-418346d6e892&amp;ref_=pd_gw_crs_zg_bs_541966&quot; type&gt;&lt;/a&gt;,
	&lt;a class=&quot;a-link-normal&quot; href=&quot;/Protector-Generation-10-2-apiker-Compatible/dp/B07XXWZKBT/?_encoding=UTF8&amp;pd_rd_w=lYqbV&amp;content-id=amzn1.sym.64be5821-f651-4b0b-8dd3-4f9b884f10e5&amp;pf_rd_p=64be5821-f651-4b0b-8dd3-4f9b884f10e5&amp;pf_rd_r=0AFEHW28M5QQ959AA9JM&amp;pd_rd_wg=JGVrp&amp;pd_rd_r=32fa10d4-b906-4f10-861a-418346d6e892&amp;ref_=pd_gw_crs_zg_bs_541966&quot; type&gt;&lt;/a&gt;,
	&lt;a class=&quot;a-link-normal&quot; href=&quot;/Sabrent-4-Port-Individual-Switches-HB-UMLS/dp/B00BWF5U0M/?_encoding=UTF8&amp;pd_rd_w=lYqbV&amp;content-id=amzn1.sym.64be5821-f651-4b0b-8dd3-4f9b884f10e5&amp;pf_rd_p=64be5821-f651-4b0b-8dd3-4f9b884f10e5&amp;pf_rd_r=0AFEHW28M5QQ959AA9JM&amp;pd_rd_wg=JGVrp&amp;pd_rd_r=32fa10d4-b906-4f10-861a-418346d6e892&amp;ref_=pd_gw_crs_zg_bs_541966&quot; type&gt;&lt;/a&gt;,
	&lt;a class=&quot;a-link-normal&quot; href=&quot;/Ergonomic-Compatible-Notebook-Soundance-LS1/dp/B07D74DT3B/?_encoding=UTF8&amp;pd_rd_w=lYqbV&amp;content-id=amzn1.sym.64be5821-f651-4b0b-8dd3-4f9b884f10e5&amp;pf_rd_p=64be5821-f651-4b0b-8dd3-4f9b884f10e5&amp;pf_rd_r=0AFEHW28M5QQ959AA9JM&amp;pd_rd_wg=JGVrp&amp;pd_rd_r=32fa10d4-b906-4f10-861a-418346d6e892&amp;ref_=pd_gw_crs_zg_bs_541966&quot; type displayed:false&gt;&lt;/a&gt;,
	&lt;a class=&quot;a-link-normal&quot; href=&quot;/Backpack-Business-Charging-Resistant-Computer/dp/B06XZTZ7GB/?_encoding=UTF8&amp;pd_rd_w=lYqbV&amp;content-id=amzn1.sym.64be5821-f651-4b0b-8dd3-4f9b884f10e5&amp;pf_rd_p=64be5821-f651-4b0b-8dd3-4f9b884f10e5&amp;pf_rd_r=0AFEHW28M5QQ959AA9JM&amp;pd_rd_wg=JGVrp&amp;pd_rd_r=32fa10d4-b906-4f10-861a-418346d6e892&amp;ref_=pd_gw_crs_zg_bs_541966&quot; type displayed:false&gt;&lt;/a&gt;,
	&lt;a class=&quot;a-link-normal&quot; href=&quot;/Mac-Book-Pro-Charger-Compatible/dp/B097PTBB5V/?_encoding=UTF8&amp;pd_rd_w=lYqbV&amp;content-id=amzn1.sym.64be5821-f651-4b0b-8dd3-4f9b884f10e5&amp;pf_rd_p=64be5821-f651-4b0b-8dd3-4f9b884f10e5&amp;pf_rd_r=0AFEHW28M5QQ959AA9JM&amp;pd_rd_wg=JGVrp&amp;pd_rd_r=32fa10d4-b906-4f10-861a-418346d6e892&amp;ref_=pd_gw_crs_zg_bs_541966&quot; type displayed:false&gt;&lt;/a&gt;,
	&lt;a class=&quot;a-link-normal&quot; href=&quot;/Ailun-Protector-Tempered-Compatible-Sensitive/dp/B07KDS2LKY/?_encoding=UTF8&amp;pd_rd_w=lYqbV&amp;content-id=amzn1.sym.64be5821-f651-4b0b-8dd3-4f9b884f10e5&amp;pf_rd_p=64be5821-f651-4b0b-8dd3-4f9b884f10e5&amp;pf_rd_r=0AFEHW28M5QQ959AA9JM&amp;pd_rd_wg=JGVrp&amp;pd_rd_r=32fa10d4-b906-4f10-861a-418346d6e892&amp;ref_=pd_gw_crs_zg_bs_541966&quot; type displayed:false&gt;&lt;/a&gt;,
	&lt;a class=&quot;a-link-normal&quot; href=&quot;/2021-Apple-10-2-inch-iPad-Wi-Fi/dp/B09G9CJM1Z/?_encoding=UTF8&amp;pd_rd_w=lYqbV&amp;content-id=amzn1.sym.64be5821-f651-4b0b-8dd3-4f9b884f10e5&amp;pf_rd_p=64be5821-f651-4b0b-8dd3-4f9b884f10e5&amp;pf_rd_r=0AFEHW28M5QQ959AA9JM&amp;pd_rd_wg=JGVrp&amp;pd_rd_r=32fa10d4-b906-4f10-861a-418346d6e892&amp;ref_=pd_gw_crs_zg_bs_541966&quot; type displayed:false&gt;&lt;/a&gt;,
	&lt;a class=&quot;a-link-normal&quot; href=&quot;/Phomemo-Bluetooth-Smartphone-Organization-Rechargeable/dp/B08HV3MPFD/?_encoding=UTF8&amp;pd_rd_w=lYqbV&amp;content-id=amzn1.sym.64be5821-f651-4b0b-8dd3-4f9b884f10e5&amp;pf_rd_p=64be5821-f651-4b0b-8dd3-4f9b884f10e5&amp;pf_rd_r=0AFEHW28M5QQ959AA9JM&amp;pd_rd_wg=JGVrp&amp;pd_rd_r=32fa10d4-b906-4f10-861a-418346d6e892&amp;ref_=pd_gw_crs_zg_bs_541966&quot; type displayed:false&gt;&lt;/a&gt;,
	&lt;a class=&quot;a-link-normal&quot; href=&quot;/Rejection-Compatible-2018-2021-Precise-Writing/dp/B0831BF1FH/?_encoding=UTF8&amp;pd_rd_w=lYqbV&amp;content-id=amzn1.sym.64be5821-f651-4b0b-8dd3-4f9b884f10e5&amp;pf_rd_p=64be5821-f651-4b0b-8dd3-4f9b884f10e5&amp;pf_rd_r=0AFEHW28M5QQ959AA9JM&amp;pd_rd_wg=JGVrp&amp;pd_rd_r=32fa10d4-b906-4f10-861a-418346d6e892&amp;ref_=pd_gw_crs_zg_bs_541966&quot; type displayed:false&gt;&lt;/a&gt;,
	&lt;a class=&quot;a-link-normal&quot; href=&quot;/Replacement-Tips-Compatible-Apple-Pencil/dp/B09BBPLMJL/?_encoding=UTF8&amp;pd_rd_w=lYqbV&amp;content-id=amzn1.sym.64be5821-f651-4b0b-8dd3-4f9b884f10e5&amp;pf_rd_p=64be5821-f651-4b0b-8dd3-4f9b884f10e5&amp;pf_rd_r=0AFEHW28M5QQ959AA9JM&amp;pd_rd_wg=JGVrp&amp;pd_rd_r=32fa10d4-b906-4f10-861a-418346d6e892&amp;ref_=pd_gw_crs_zg_bs_541966&quot; type displayed:false&gt;&lt;/a&gt;,
	&lt;a class=&quot;a-link-normal&quot; href=&quot;/Maxjuli-Blocking-Glasses-Computer-Transparent/dp/B081RLZWG7/?_encoding=UTF8&amp;pd_rd_w=lYqbV&amp;content-id=amzn1.sym.64be5821-f651-4b0b-8dd3-4f9b884f10e5&amp;pf_rd_p=64be5821-f651-4b0b-8dd3-4f9b884f10e5&amp;pf_rd_r=0AFEHW28M5QQ959AA9JM&amp;pd_rd_wg=JGVrp&amp;pd_rd_r=32fa10d4-b906-4f10-861a-418346d6e892&amp;ref_=pd_gw_crs_zg_bs_541966&quot; type displayed:false&gt;&lt;/a&gt;,
	&lt;a class=&quot;a-link-normal&quot; href=&quot;/Ailun-Protector-10-2-Inch-Generation-Compatible/dp/B07ZCZ4HRT/?_encoding=UTF8&amp;pd_rd_w=lYqbV&amp;content-id=amzn1.sym.64be5821-f651-4b0b-8dd3-4f9b884f10e5&amp;pf_rd_p=64be5821-f651-4b0b-8dd3-4f9b884f10e5&amp;pf_rd_r=0AFEHW28M5QQ959AA9JM&amp;pd_rd_wg=JGVrp&amp;pd_rd_r=32fa10d4-b906-4f10-861a-418346d6e892&amp;ref_=pd_gw_crs_zg_bs_541966&quot; type displayed:false&gt;&lt;/a&gt;,
	&lt;a aria-hidden=&quot;true&quot; aria-label=&quot;Carousel previous slide&quot; class=&quot;a-link-normal feed-carousel-control feed-left feed-control-disabled&quot; href=&quot;#&quot; tabindex=&quot;-1&quot; type&gt;&lt;/a&gt;,
	&lt;a aria-hidden=&quot;true&quot; aria-label=&quot;Carousel next slide&quot; class=&quot;a-link-normal feed-carousel-control feed-right&quot; href=&quot;#&quot; tabindex=&quot;-1&quot; type&gt;&lt;/a&gt;,
	&lt;a class=&quot;a-link-normal&quot; href=&quot;/Starts-Us-Novel-Ends/dp/1668001225/?_encoding=UTF8&amp;pd_rd_w=dqGOf&amp;content-id=amzn1.sym.64be5821-f651-4b0b-8dd3-4f9b884f10e5&amp;pf_rd_p=64be5821-f651-4b0b-8dd3-4f9b884f10e5&amp;pf_rd_r=0AFEHW28M5QQ959AA9JM&amp;pd_rd_wg=JGVrp&amp;pd_rd_r=32fa10d4-b906-4f10-861a-418346d6e892&amp;ref_=pd_gw_crs_zg_bs_283155&quot; type&gt;&lt;/a&gt;,
	&lt;a class=&quot;a-link-normal&quot; href=&quot;/Confidence-Man-Making-Breaking-America/dp/0593297342/?_encoding=UTF8&amp;pd_rd_w=dqGOf&amp;content-id=amzn1.sym.64be5821-f651-4b0b-8dd3-4f9b884f10e5&amp;pf_rd_p=64be5821-f651-4b0b-8dd3-4f9b884f10e5&amp;pf_rd_r=0AFEHW28M5QQ959AA9JM&amp;pd_rd_wg=JGVrp&amp;pd_rd_r=32fa10d4-b906-4f10-861a-418346d6e892&amp;ref_=pd_gw_crs_zg_bs_283155&quot; type&gt;&lt;/a&gt;,
	&lt;a class=&quot;a-link-normal&quot; href=&quot;/Verity-Colleen-Hoover/dp/1538724731/?_encoding=UTF8&amp;pd_rd_w=dqGOf&amp;content-id=amzn1.sym.64be5821-f651-4b0b-8dd3-4f9b884f10e5&amp;pf_rd_p=64be5821-f651-4b0b-8dd3-4f9b884f10e5&amp;pf_rd_r=0AFEHW28M5QQ959AA9JM&amp;pd_rd_wg=JGVrp&amp;pd_rd_r=32fa10d4-b906-4f10-861a-418346d6e892&amp;ref_=pd_gw_crs_zg_bs_283155&quot; type&gt;&lt;/a&gt;,
	&lt;a class=&quot;a-link-normal&quot; href=&quot;/Ends-Us-Novel-Colleen-Hoover/dp/1501110365/?_encoding=UTF8&amp;pd_rd_w=dqGOf&amp;content-id=amzn1.sym.64be5821-f651-4b0b-8dd3-4f9b884f10e5&amp;pf_rd_p=64be5821-f651-4b0b-8dd3-4f9b884f10e5&amp;pf_rd_r=0AFEHW28M5QQ959AA9JM&amp;pd_rd_wg=JGVrp&amp;pd_rd_r=32fa10d4-b906-4f10-861a-418346d6e892&amp;ref_=pd_gw_crs_zg_bs_283155&quot; type&gt;&lt;/a&gt;,
	&lt;a class=&quot;a-link-normal&quot; href=&quot;/Im-Glad-My-Mom-Died/dp/1982185821/?_encoding=UTF8&amp;pd_rd_w=dqGOf&amp;content-id=amzn1.sym.64be5821-f651-4b0b-8dd3-4f9b884f10e5&amp;pf_rd_p=64be5821-f651-4b0b-8dd3-4f9b884f10e5&amp;pf_rd_r=0AFEHW28M5QQ959AA9JM&amp;pd_rd_wg=JGVrp&amp;pd_rd_r=32fa10d4-b906-4f10-861a-418346d6e892&amp;ref_=pd_gw_crs_zg_bs_283155&quot; type&gt;&lt;/a&gt;,
	&lt;a class=&quot;a-link-normal&quot; href=&quot;/Atomic-Habits-Proven-Build-Break/dp/0735211299/?_encoding=UTF8&amp;pd_rd_w=dqGOf&amp;content-id=amzn1.sym.64be5821-f651-4b0b-8dd3-4f9b884f10e5&amp;pf_rd_p=64be5821-f651-4b0b-8dd3-4f9b884f10e5&amp;pf_rd_r=0AFEHW28M5QQ959AA9JM&amp;pd_rd_wg=JGVrp&amp;pd_rd_r=32fa10d4-b906-4f10-861a-418346d6e892&amp;ref_=pd_gw_crs_zg_bs_283155&quot; type&gt;&lt;/a&gt;,
	&lt;a class=&quot;a-link-normal&quot; href=&quot;/Fairy-Tale-Stephen-King/dp/1668002175/?_encoding=UTF8&amp;pd_rd_w=dqGOf&amp;content-id=amzn1.sym.64be5821-f651-4b0b-8dd3-4f9b884f10e5&amp;pf_rd_p=64be5821-f651-4b0b-8dd3-4f9b884f10e5&amp;pf_rd_r=0AFEHW28M5QQ959AA9JM&amp;pd_rd_wg=JGVrp&amp;pd_rd_r=32fa10d4-b906-4f10-861a-418346d6e892&amp;ref_=pd_gw_crs_zg_bs_283155&quot; type&gt;&lt;/a&gt;,
	&lt;a class=&quot;a-link-normal&quot; href=&quot;/Glad-You-Were-Born-Celebrating/dp/031077702X/?_encoding=UTF8&amp;pd_rd_w=dqGOf&amp;content-id=amzn1.sym.64be5821-f651-4b0b-8dd3-4f9b884f10e5&amp;pf_rd_p=64be5821-f651-4b0b-8dd3-4f9b884f10e5&amp;pf_rd_r=0AFEHW28M5QQ959AA9JM&amp;pd_rd_wg=JGVrp&amp;pd_rd_r=32fa10d4-b906-4f10-861a-418346d6e892&amp;ref_=pd_gw_crs_zg_bs_283155&quot; type&gt;&lt;/a&gt;,
	&lt;a class=&quot;a-link-normal&quot; href=&quot;/Reminders-Him-Novel-Colleen-Hoover/dp/1542025605/?_encoding=UTF8&amp;pd_rd_w=dqGOf&amp;content-id=amzn1.sym.64be5821-f651-4b0b-8dd3-4f9b884f10e5&amp;pf_rd_p=64be5821-f651-4b0b-8dd3-4f9b884f10e5&amp;pf_rd_r=0AFEHW28M5QQ959AA9JM&amp;pd_rd_wg=JGVrp&amp;pd_rd_r=32fa10d4-b906-4f10-861a-418346d6e892&amp;ref_=pd_gw_crs_zg_bs_283155&quot; type displayed:false&gt;&lt;/a&gt;,
	&lt;a class=&quot;a-link-normal&quot; href=&quot;/Little-Trucks-Halloween-Alice-Schertle/dp/0544772539/?_encoding=UTF8&amp;pd_rd_w=dqGOf&amp;content-id=amzn1.sym.64be5821-f651-4b0b-8dd3-4f9b884f10e5&amp;pf_rd_p=64be5821-f651-4b0b-8dd3-4f9b884f10e5&amp;pf_rd_r=0AFEHW28M5QQ959AA9JM&amp;pd_rd_wg=JGVrp&amp;pd_rd_r=32fa10d4-b906-4f10-861a-418346d6e892&amp;ref_=pd_gw_crs_zg_bs_283155&quot; type displayed:false&gt;&lt;/a&gt;,
	&lt;a class=&quot;a-link-normal&quot; href=&quot;/Live-Wire-Long-Winded-Short-Stories/dp/0063073307/?_encoding=UTF8&amp;pd_rd_w=dqGOf&amp;content-id=amzn1.sym.64be5821-f651-4b0b-8dd3-4f9b884f10e5&amp;pf_rd_p=64be5821-f651-4b0b-8dd3-4f9b884f10e5&amp;pf_rd_r=0AFEHW28M5QQ959AA9JM&amp;pd_rd_wg=JGVrp&amp;pd_rd_r=32fa10d4-b906-4f10-861a-418346d6e892&amp;ref_=pd_gw_crs_zg_bs_283155&quot; type displayed:false&gt;&lt;/a&gt;,
	&lt;a class=&quot;a-link-normal&quot; href=&quot;/Where-Crawdads-Sing-Delia-Owens/dp/0735219109/?_encoding=UTF8&amp;pd_rd_w=dqGOf&amp;content-id=amzn1.sym.64be5821-f651-4b0b-8dd3-4f9b884f10e5&amp;pf_rd_p=64be5821-f651-4b0b-8dd3-4f9b884f10e5&amp;pf_rd_r=0AFEHW28M5QQ959AA9JM&amp;pd_rd_wg=JGVrp&amp;pd_rd_r=32fa10d4-b906-4f10-861a-418346d6e892&amp;ref_=pd_gw_crs_zg_bs_283155&quot; type displayed:false&gt;&lt;/a&gt;,
	&lt;a class=&quot;a-link-normal&quot; href=&quot;/Ugly-Love-Novel-Colleen-Hoover/dp/1476753180/?_encoding=UTF8&amp;pd_rd_w=dqGOf&amp;content-id=amzn1.sym.64be5821-f651-4b0b-8dd3-4f9b884f10e5&amp;pf_rd_p=64be5821-f651-4b0b-8dd3-4f9b884f10e5&amp;pf_rd_r=0AFEHW28M5QQ959AA9JM&amp;pd_rd_wg=JGVrp&amp;pd_rd_r=32fa10d4-b906-4f10-861a-418346d6e892&amp;ref_=pd_gw_crs_zg_bs_283155&quot; type displayed:false&gt;&lt;/a&gt;,
	&lt;a class=&quot;a-link-normal&quot; href=&quot;/Very-Hungry-Caterpillar-Eric-Carle/dp/0399226907/?_encoding=UTF8&amp;pd_rd_w=dqGOf&amp;content-id=amzn1.sym.64be5821-f651-4b0b-8dd3-4f9b884f10e5&amp;pf_rd_p=64be5821-f651-4b0b-8dd3-4f9b884f10e5&amp;pf_rd_r=0AFEHW28M5QQ959AA9JM&amp;pd_rd_wg=JGVrp&amp;pd_rd_r=32fa10d4-b906-4f10-861a-418346d6e892&amp;ref_=pd_gw_crs_zg_bs_283155&quot; type displayed:false&gt;&lt;/a&gt;,
	&lt;a class=&quot;a-link-normal&quot; href=&quot;/Harry-Potter-Order-Phoenix-Illustrated/dp/054579143X/?_encoding=UTF8&amp;pd_rd_w=dqGOf&amp;content-id=amzn1.sym.64be5821-f651-4b0b-8dd3-4f9b884f10e5&amp;pf_rd_p=64be5821-f651-4b0b-8dd3-4f9b884f10e5&amp;pf_rd_r=0AFEHW28M5QQ959AA9JM&amp;pd_rd_wg=JGVrp&amp;pd_rd_r=32fa10d4-b906-4f10-861a-418346d6e892&amp;ref_=pd_gw_crs_zg_bs_283155&quot; type displayed:false&gt;&lt;/a&gt;,
	&lt;a class=&quot;a-link-normal&quot; href=&quot;/Verity-Colleen-Hoover/dp/1538739720/?_encoding=UTF8&amp;pd_rd_w=dqGOf&amp;content-id=amzn1.sym.64be5821-f651-4b0b-8dd3-4f9b884f10e5&amp;pf_rd_p=64be5821-f651-4b0b-8dd3-4f9b884f10e5&amp;pf_rd_r=0AFEHW28M5QQ959AA9JM&amp;pd_rd_wg=JGVrp&amp;pd_rd_r=32fa10d4-b906-4f10-861a-418346d6e892&amp;ref_=pd_gw_crs_zg_bs_283155&quot; type displayed:false&gt;&lt;/a&gt;,
	&lt;a class=&quot;a-link-normal&quot; href=&quot;/Seven-Husbands-Evelyn-Hugo-Novel/dp/1501161938/?_encoding=UTF8&amp;pd_rd_w=dqGOf&amp;content-id=amzn1.sym.64be5821-f651-4b0b-8dd3-4f9b884f10e5&amp;pf_rd_p=64be5821-f651-4b0b-8dd3-4f9b884f10e5&amp;pf_rd_r=0AFEHW28M5QQ959AA9JM&amp;pd_rd_wg=JGVrp&amp;pd_rd_r=32fa10d4-b906-4f10-861a-418346d6e892&amp;ref_=pd_gw_crs_zg_bs_283155&quot; type displayed:false&gt;&lt;/a&gt;,
	&lt;a class=&quot;a-link-normal&quot; href=&quot;/Disney-Wheres-Mickey-Look-Find/dp/150373935X/?_encoding=UTF8&amp;pd_rd_w=dqGOf&amp;content-id=amzn1.sym.64be5821-f651-4b0b-8dd3-4f9b884f10e5&amp;pf_rd_p=64be5821-f651-4b0b-8dd3-4f9b884f10e5&amp;pf_rd_r=0AFEHW28M5QQ959AA9JM&amp;pd_rd_wg=JGVrp&amp;pd_rd_r=32fa10d4-b906-4f10-861a-418346d6e892&amp;ref_=pd_gw_crs_zg_bs_283155&quot; type displayed:false&gt;&lt;/a&gt;,
	&lt;a class=&quot;a-link-normal&quot; href=&quot;/Spooky-Pookie-Little-Sandra-Boynton/dp/1481497677/?_encoding=UTF8&amp;pd_rd_w=dqGOf&amp;content-id=amzn1.sym.64be5821-f651-4b0b-8dd3-4f9b884f10e5&amp;pf_rd_p=64be5821-f651-4b0b-8dd3-4f9b884f10e5&amp;pf_rd_r=0AFEHW28M5QQ959AA9JM&amp;pd_rd_wg=JGVrp&amp;pd_rd_r=32fa10d4-b906-4f10-861a-418346d6e892&amp;ref_=pd_gw_crs_zg_bs_283155&quot; type displayed:false&gt;&lt;/a&gt;,
	&lt;a class=&quot;a-link-normal&quot; href=&quot;/Dreamland-Novel-Nicholas-Sparks/dp/059344955X/?_encoding=UTF8&amp;pd_rd_w=dqGOf&amp;content-id=amzn1.sym.64be5821-f651-4b0b-8dd3-4f9b884f10e5&amp;pf_rd_p=64be5821-f651-4b0b-8dd3-4f9b884f10e5&amp;pf_rd_r=0AFEHW28M5QQ959AA9JM&amp;pd_rd_wg=JGVrp&amp;pd_rd_r=32fa10d4-b906-4f10-861a-418346d6e892&amp;ref_=pd_gw_crs_zg_bs_283155&quot; type displayed:false&gt;&lt;/a&gt;,
	&lt;a class=&quot;a-link-normal&quot; href=&quot;/November-9-Novel-Colleen-Hoover/dp/1501110349/?_encoding=UTF8&amp;pd_rd_w=dqGOf&amp;content-id=amzn1.sym.64be5821-f651-4b0b-8dd3-4f9b884f10e5&amp;pf_rd_p=64be5821-f651-4b0b-8dd3-4f9b884f10e5&amp;pf_rd_r=0AFEHW28M5QQ959AA9JM&amp;pd_rd_wg=JGVrp&amp;pd_rd_r=32fa10d4-b906-4f10-861a-418346d6e892&amp;ref_=pd_gw_crs_zg_bs_283155&quot; type displayed:false&gt;&lt;/a&gt;,
	&lt;a class=&quot;a-link-normal&quot; href=&quot;/How-Catch-Witch-Alice-Walstead/dp/1728210356/?_encoding=UTF8&amp;pd_rd_w=dqGOf&amp;content-id=amzn1.sym.64be5821-f651-4b0b-8dd3-4f9b884f10e5&amp;pf_rd_p=64be5821-f651-4b0b-8dd3-4f9b884f10e5&amp;pf_rd_r=0AFEHW28M5QQ959AA9JM&amp;pd_rd_wg=JGVrp&amp;pd_rd_r=32fa10d4-b906-4f10-861a-418346d6e892&amp;ref_=pd_gw_crs_zg_bs_283155&quot; type displayed:false&gt;&lt;/a&gt;,
	&lt;a class=&quot;a-link-normal&quot; href=&quot;/Jacques-P%C3%A9pin-Art-Chicken-Paintings/dp/0358654513/?_encoding=UTF8&amp;pd_rd_w=dqGOf&amp;content-id=amzn1.sym.64be5821-f651-4b0b-8dd3-4f9b884f10e5&amp;pf_rd_p=64be5821-f651-4b0b-8dd3-4f9b884f10e5&amp;pf_rd_r=0AFEHW28M5QQ959AA9JM&amp;pd_rd_wg=JGVrp&amp;pd_rd_r=32fa10d4-b906-4f10-861a-418346d6e892&amp;ref_=pd_gw_crs_zg_bs_283155&quot; type displayed:false&gt;&lt;/a&gt;,
	&lt;a class=&quot;a-link-normal&quot; href=&quot;/I-Love-You-Moon-Back/dp/1589255518/?_encoding=UTF8&amp;pd_rd_w=dqGOf&amp;content-id=amzn1.sym.64be5821-f651-4b0b-8dd3-4f9b884f10e5&amp;pf_rd_p=64be5821-f651-4b0b-8dd3-4f9b884f10e5&amp;pf_rd_r=0AFEHW28M5QQ959AA9JM&amp;pd_rd_wg=JGVrp&amp;pd_rd_r=32fa10d4-b906-4f10-861a-418346d6e892&amp;ref_=pd_gw_crs_zg_bs_283155&quot; type displayed:false&gt;&lt;/a&gt;,
	&lt;a class=&quot;a-link-normal&quot; href=&quot;/Brown-Bear-What-You-See/dp/0805047905/?_encoding=UTF8&amp;pd_rd_w=dqGOf&amp;content-id=amzn1.sym.64be5821-f651-4b0b-8dd3-4f9b884f10e5&amp;pf_rd_p=64be5821-f651-4b0b-8dd3-4f9b884f10e5&amp;pf_rd_r=0AFEHW28M5QQ959AA9JM&amp;pd_rd_wg=JGVrp&amp;pd_rd_r=32fa10d4-b906-4f10-861a-418346d6e892&amp;ref_=pd_gw_crs_zg_bs_283155&quot; type displayed:false&gt;&lt;/a&gt;,
	&lt;a class=&quot;a-link-normal&quot; href=&quot;/My-First-Learn-Write-Workbook/dp/1641526270/?_encoding=UTF8&amp;pd_rd_w=dqGOf&amp;content-id=amzn1.sym.64be5821-f651-4b0b-8dd3-4f9b884f10e5&amp;pf_rd_p=64be5821-f651-4b0b-8dd3-4f9b884f10e5&amp;pf_rd_r=0AFEHW28M5QQ959AA9JM&amp;pd_rd_wg=JGVrp&amp;pd_rd_r=32fa10d4-b906-4f10-861a-418346d6e892&amp;ref_=pd_gw_crs_zg_bs_283155&quot; type displayed:false&gt;&lt;/a&gt;,
	&lt;a class=&quot;a-link-normal&quot; href=&quot;/Adrift-America-Charts-Scott-Galloway/dp/0593542401/?_encoding=UTF8&amp;pd_rd_w=dqGOf&amp;content-id=amzn1.sym.64be5821-f651-4b0b-8dd3-4f9b884f10e5&amp;pf_rd_p=64be5821-f651-4b0b-8dd3-4f9b884f10e5&amp;pf_rd_r=0AFEHW28M5QQ959AA9JM&amp;pd_rd_wg=JGVrp&amp;pd_rd_r=32fa10d4-b906-4f10-861a-418346d6e892&amp;ref_=pd_gw_crs_zg_bs_283155&quot; type displayed:false&gt;&lt;/a&gt;,
	&lt;a class=&quot;a-link-normal&quot; href=&quot;/48-Laws-Power-Robert-Greene/dp/0140280197/?_encoding=UTF8&amp;pd_rd_w=dqGOf&amp;content-id=amzn1.sym.64be5821-f651-4b0b-8dd3-4f9b884f10e5&amp;pf_rd_p=64be5821-f651-4b0b-8dd3-4f9b884f10e5&amp;pf_rd_r=0AFEHW28M5QQ959AA9JM&amp;pd_rd_wg=JGVrp&amp;pd_rd_r=32fa10d4-b906-4f10-861a-418346d6e892&amp;ref_=pd_gw_crs_zg_bs_283155&quot; type displayed:false&gt;&lt;/a&gt;,
	&lt;a class=&quot;a-link-normal&quot; href=&quot;/Diper-%C3%96verl%C3%B6de-Diary-Wimpy-Book/dp/141976294X/?_encoding=UTF8&amp;pd_rd_w=dqGOf&amp;content-id=amzn1.sym.64be5821-f651-4b0b-8dd3-4f9b884f10e5&amp;pf_rd_p=64be5821-f651-4b0b-8dd3-4f9b884f10e5&amp;pf_rd_r=0AFEHW28M5QQ959AA9JM&amp;pd_rd_wg=JGVrp&amp;pd_rd_r=32fa10d4-b906-4f10-861a-418346d6e892&amp;ref_=pd_gw_crs_zg_bs_283155&quot; type displayed:false&gt;&lt;/a&gt;,
	&lt;a class=&quot;a-link-normal&quot; href=&quot;/Lighter-Connect-Present-Expand-Future/dp/0593233174/?_encoding=UTF8&amp;pd_rd_w=dqGOf&amp;content-id=amzn1.sym.64be5821-f651-4b0b-8dd3-4f9b884f10e5&amp;pf_rd_p=64be5821-f651-4b0b-8dd3-4f9b884f10e5&amp;pf_rd_r=0AFEHW28M5QQ959AA9JM&amp;pd_rd_wg=JGVrp&amp;pd_rd_r=32fa10d4-b906-4f10-861a-418346d6e892&amp;ref_=pd_gw_crs_zg_bs_283155&quot; type displayed:false&gt;&lt;/a&gt;,
	&lt;a aria-hidden=&quot;true&quot; aria-label=&quot;Carousel previous slide&quot; class=&quot;a-link-normal feed-carousel-control feed-left feed-control-disabled&quot; href=&quot;#&quot; tabindex=&quot;-1&quot; type displayed:false&gt;&lt;/a&gt;,
	&lt;a aria-hidden=&quot;true&quot; aria-label=&quot;Carousel next slide&quot; class=&quot;a-link-normal feed-carousel-control feed-right&quot; href=&quot;#&quot; tabindex=&quot;-1&quot; type displayed:false&gt;&lt;/a&gt;,
	&lt;a class=&quot;a-link-normal center-image aok-block image-window&quot; href=&quot;/b?node=23574082011&quot; type&gt;&lt;/a&gt;,
	&lt;a class=&quot;a-link-normal see-more truncate-1line&quot; href=&quot;/b?node=23574082011&quot; type&gt;See more on Handmade&lt;/a&gt;,
	&lt;a class=&quot;a-link-normal center-image aok-block image-window&quot; href=&quot;/deals?deals-widget=%257B%2522version%2522%253A1%252C%2522viewIndex%2522%253A0%252C%2522presetId%2522%253A%25226228037F24FB3AFFBB407B74FCA18319%2522%252C%2522sorting%2522%253A%2522BY_CUSTOM_CRITERION%2522%257D&amp;ref=oihdeals22GWBTF&quot; type&gt;&lt;/a&gt;,
	&lt;a class=&quot;a-link-normal see-more truncate-1line&quot; href=&quot;/deals?deals-widget=%257B%2522version%2522%253A1%252C%2522viewIndex%2522%253A0%252C%2522presetId%2522%253A%25226228037F24FB3AFFBB407B74FCA18319%2522%252C%2522sorting%2522%253A%2522BY_CUSTOM_CRITERION%2522%257D&amp;ref=oihdeals22GWBTF&quot; type&gt;Shop fall deals&lt;/a&gt;,
	&lt;a class=&quot;a-link-normal center-image aok-block image-window&quot; href=&quot;/hp/wlp/pipeline/membersignup?clientId=PrimeEarlyAccessSale&amp;ingressId=Gateway&amp;primeCampaignId=PEAS2022&quot; type&gt;&lt;/a&gt;,
	&lt;a class=&quot;a-link-normal see-more truncate-1line&quot; href=&quot;/hp/wlp/pipeline/membersignup?clientId=PrimeEarlyAccessSale&amp;ingressId=Gateway&amp;primeCampaignId=PEAS2022&quot; type&gt;Activate Prime benefits&lt;/a&gt;,
	&lt;a class=&quot;a-link-normal center-image aok-block image-window&quot; href=&quot;/music/unlimited?ref=dmm_gw_catcard_desktop_amu_acq_peas_sw_us_en_prime_0922&quot; type&gt;&lt;/a&gt;,
	&lt;a class=&quot;a-link-normal see-more truncate-1line&quot; href=&quot;/music/unlimited?ref=dmm_gw_catcard_desktop_amu_acq_peas_sw_prime_0922&quot; type&gt;Try Amazon Music Unlimited&lt;/a&gt;,
	&lt;a class=&quot;a-link-normal&quot; href=&quot;/Apple-20W-USB-C-Power-Adapter/dp/B08L5M9BTJ/?_encoding=UTF8&amp;pd_rd_w=BMTz4&amp;content-id=amzn1.sym.64be5821-f651-4b0b-8dd3-4f9b884f10e5&amp;pf_rd_p=64be5821-f651-4b0b-8dd3-4f9b884f10e5&amp;pf_rd_r=0AFEHW28M5QQ959AA9JM&amp;pd_rd_wg=JGVrp&amp;pd_rd_r=32fa10d4-b906-4f10-861a-418346d6e892&amp;ref_=pd_gw_crs_zg_bs_2335752011&quot; type&gt;&lt;/a&gt;,
	&lt;a class=&quot;a-link-normal&quot; href=&quot;/AILUN-Protector-Compatible-Tempered-Anti-Scratch/dp/B07H2V5YLH/?_encoding=UTF8&amp;pd_rd_w=BMTz4&amp;content-id=amzn1.sym.64be5821-f651-4b0b-8dd3-4f9b884f10e5&amp;pf_rd_p=64be5821-f651-4b0b-8dd3-4f9b884f10e5&amp;pf_rd_r=0AFEHW28M5QQ959AA9JM&amp;pd_rd_wg=JGVrp&amp;pd_rd_r=32fa10d4-b906-4f10-861a-418346d6e892&amp;ref_=pd_gw_crs_zg_bs_2335752011&quot; type&gt;&lt;/a&gt;,
	&lt;a class=&quot;a-link-normal&quot; href=&quot;/Smiling-Compatible-Ultra-Thin-Protective-Transparent/dp/B09K3T4467/?_encoding=UTF8&amp;pd_rd_w=BMTz4&amp;content-id=amzn1.sym.64be5821-f651-4b0b-8dd3-4f9b884f10e5&amp;pf_rd_p=64be5821-f651-4b0b-8dd3-4f9b884f10e5&amp;pf_rd_r=0AFEHW28M5QQ959AA9JM&amp;pd_rd_wg=JGVrp&amp;pd_rd_r=32fa10d4-b906-4f10-861a-418346d6e892&amp;ref_=pd_gw_crs_zg_bs_2335752011&quot; type&gt;&lt;/a&gt;,
	&lt;a class=&quot;a-link-normal&quot; href=&quot;/Ailun-Protector-Compatible-Friendly-Tempered/dp/B08DGNGDFR/?_encoding=UTF8&amp;pd_rd_w=BMTz4&amp;content-id=amzn1.sym.64be5821-f651-4b0b-8dd3-4f9b884f10e5&amp;pf_rd_p=64be5821-f651-4b0b-8dd3-4f9b884f10e5&amp;pf_rd_r=0AFEHW28M5QQ959AA9JM&amp;pd_rd_wg=JGVrp&amp;pd_rd_r=32fa10d4-b906-4f10-861a-418346d6e892&amp;ref_=pd_gw_crs_zg_bs_2335752011&quot; type&gt;&lt;/a&gt;,
	&lt;a class=&quot;a-link-normal&quot; href=&quot;/Ailun-Protector-Compatible-Tempered-Friendly/dp/B09CSSP9C1/?_encoding=UTF8&amp;pd_rd_w=BMTz4&amp;content-id=amzn1.sym.64be5821-f651-4b0b-8dd3-4f9b884f10e5&amp;pf_rd_p=64be5821-f651-4b0b-8dd3-4f9b884f10e5&amp;pf_rd_r=0AFEHW28M5QQ959AA9JM&amp;pd_rd_wg=JGVrp&amp;pd_rd_r=32fa10d4-b906-4f10-861a-418346d6e892&amp;ref_=pd_gw_crs_zg_bs_2335752011&quot; type&gt;&lt;/a&gt;,
	&lt;a class=&quot;a-link-normal&quot; href=&quot;/Ailun-Protector-Protection-Compatible-Friendly/dp/B0B768WHRS/?_encoding=UTF8&amp;pd_rd_w=BMTz4&amp;content-id=amzn1.sym.64be5821-f651-4b0b-8dd3-4f9b884f10e5&amp;pf_rd_p=64be5821-f651-4b0b-8dd3-4f9b884f10e5&amp;pf_rd_r=0AFEHW28M5QQ959AA9JM&amp;pd_rd_wg=JGVrp&amp;pd_rd_r=32fa10d4-b906-4f10-861a-418346d6e892&amp;ref_=pd_gw_crs_zg_bs_2335752011&quot; type&gt;&lt;/a&gt;,
	&lt;a class=&quot;a-link-normal&quot; href=&quot;/Ailun-Protector-Compatible-Tempered-Hardness/dp/B09CSYNDMH/?_encoding=UTF8&amp;pd_rd_w=BMTz4&amp;content-id=amzn1.sym.64be5821-f651-4b0b-8dd3-4f9b884f10e5&amp;pf_rd_p=64be5821-f651-4b0b-8dd3-4f9b884f10e5&amp;pf_rd_r=0AFEHW28M5QQ959AA9JM&amp;pd_rd_wg=JGVrp&amp;pd_rd_r=32fa10d4-b906-4f10-861a-418346d6e892&amp;ref_=pd_gw_crs_zg_bs_2335752011&quot; type&gt;&lt;/a&gt;,
	&lt;a class=&quot;a-link-normal&quot; href=&quot;/Misxi-Compatible-Protector-Tempered-Protective/dp/B07WRBDXZ8/?_encoding=UTF8&amp;pd_rd_w=BMTz4&amp;content-id=amzn1.sym.64be5821-f651-4b0b-8dd3-4f9b884f10e5&amp;pf_rd_p=64be5821-f651-4b0b-8dd3-4f9b884f10e5&amp;pf_rd_r=0AFEHW28M5QQ959AA9JM&amp;pd_rd_wg=JGVrp&amp;pd_rd_r=32fa10d4-b906-4f10-861a-418346d6e892&amp;ref_=pd_gw_crs_zg_bs_2335752011&quot; type displayed:false&gt;&lt;/a&gt;,
	&lt;a class=&quot;a-link-normal&quot; href=&quot;/Spigen-Tempered-Protector-designed-Friendly/dp/B0B23LW7NV/?_encoding=UTF8&amp;pd_rd_w=BMTz4&amp;content-id=amzn1.sym.64be5821-f651-4b0b-8dd3-4f9b884f10e5&amp;pf_rd_p=64be5821-f651-4b0b-8dd3-4f9b884f10e5&amp;pf_rd_r=0AFEHW28M5QQ959AA9JM&amp;pd_rd_wg=JGVrp&amp;pd_rd_r=32fa10d4-b906-4f10-861a-418346d6e892&amp;ref_=pd_gw_crs_zg_bs_2335752011&quot; type displayed:false&gt;&lt;/a&gt;,
	&lt;a class=&quot;a-link-normal&quot; href=&quot;/Ferilinso-Designed-Protector-Tempered-Installation/dp/B09BFN6R2V/?_encoding=UTF8&amp;pd_rd_w=BMTz4&amp;content-id=amzn1.sym.64be5821-f651-4b0b-8dd3-4f9b884f10e5&amp;pf_rd_p=64be5821-f651-4b0b-8dd3-4f9b884f10e5&amp;pf_rd_r=0AFEHW28M5QQ959AA9JM&amp;pd_rd_wg=JGVrp&amp;pd_rd_r=32fa10d4-b906-4f10-861a-418346d6e892&amp;ref_=pd_gw_crs_zg_bs_2335752011&quot; type displayed:false&gt;&lt;/a&gt;,
	&lt;a class=&quot;a-link-normal&quot; href=&quot;/QHOHQ-Protector-iPhone-13-6-1/dp/B09BZRM3RV/?_encoding=UTF8&amp;pd_rd_w=BMTz4&amp;content-id=amzn1.sym.64be5821-f651-4b0b-8dd3-4f9b884f10e5&amp;pf_rd_p=64be5821-f651-4b0b-8dd3-4f9b884f10e5&amp;pf_rd_r=0AFEHW28M5QQ959AA9JM&amp;pd_rd_wg=JGVrp&amp;pd_rd_r=32fa10d4-b906-4f10-861a-418346d6e892&amp;ref_=pd_gw_crs_zg_bs_2335752011&quot; type displayed:false&gt;&lt;/a&gt;,
	&lt;a class=&quot;a-link-normal&quot; href=&quot;/Ailun-Protector-Compatible-Tempered-Hardness/dp/B09CTF763F/?_encoding=UTF8&amp;pd_rd_w=BMTz4&amp;content-id=amzn1.sym.64be5821-f651-4b0b-8dd3-4f9b884f10e5&amp;pf_rd_p=64be5821-f651-4b0b-8dd3-4f9b884f10e5&amp;pf_rd_r=0AFEHW28M5QQ959AA9JM&amp;pd_rd_wg=JGVrp&amp;pd_rd_r=32fa10d4-b906-4f10-861a-418346d6e892&amp;ref_=pd_gw_crs_zg_bs_2335752011&quot; type displayed:false&gt;&lt;/a&gt;,
	&lt;a class=&quot;a-link-normal&quot; href=&quot;/Misxi-Protector-Compatible-Ultra-Thin-Protective/dp/B09JWDZ64S/?_encoding=UTF8&amp;pd_rd_w=BMTz4&amp;content-id=amzn1.sym.64be5821-f651-4b0b-8dd3-4f9b884f10e5&amp;pf_rd_p=64be5821-f651-4b0b-8dd3-4f9b884f10e5&amp;pf_rd_r=0AFEHW28M5QQ959AA9JM&amp;pd_rd_wg=JGVrp&amp;pd_rd_r=32fa10d4-b906-4f10-861a-418346d6e892&amp;ref_=pd_gw_crs_zg_bs_2335752011&quot; type displayed:false&gt;&lt;/a&gt;,
	&lt;a class=&quot;a-link-normal&quot; href=&quot;/Ailun-Protector-Protection-Compatible-Friendly/dp/B0B76KJXWV/?_encoding=UTF8&amp;pd_rd_w=BMTz4&amp;content-id=amzn1.sym.64be5821-f651-4b0b-8dd3-4f9b884f10e5&amp;pf_rd_p=64be5821-f651-4b0b-8dd3-4f9b884f10e5&amp;pf_rd_r=0AFEHW28M5QQ959AA9JM&amp;pd_rd_wg=JGVrp&amp;pd_rd_r=32fa10d4-b906-4f10-861a-418346d6e892&amp;ref_=pd_gw_crs_zg_bs_2335752011&quot; type displayed:false&gt;&lt;/a&gt;,
	&lt;a class=&quot;a-link-normal&quot; href=&quot;/Upgrade-Portable-Wireless-Charging-Compatible/dp/B09PH4LS1B/?_encoding=UTF8&amp;pd_rd_w=BMTz4&amp;content-id=amzn1.sym.64be5821-f651-4b0b-8dd3-4f9b884f10e5&amp;pf_rd_p=64be5821-f651-4b0b-8dd3-4f9b884f10e5&amp;pf_rd_r=0AFEHW28M5QQ959AA9JM&amp;pd_rd_wg=JGVrp&amp;pd_rd_r=32fa10d4-b906-4f10-861a-418346d6e892&amp;ref_=pd_gw_crs_zg_bs_2335752011&quot; type displayed:false&gt;&lt;/a&gt;,
	&lt;a class=&quot;a-link-normal&quot; href=&quot;/Protector-Anti-Scratch-Anti-Fingerprints-Bubble-Free-Transparent/dp/B07NC8K8H2/?_encoding=UTF8&amp;pd_rd_w=BMTz4&amp;content-id=amzn1.sym.64be5821-f651-4b0b-8dd3-4f9b884f10e5&amp;pf_rd_p=64be5821-f651-4b0b-8dd3-4f9b884f10e5&amp;pf_rd_r=0AFEHW28M5QQ959AA9JM&amp;pd_rd_wg=JGVrp&amp;pd_rd_r=32fa10d4-b906-4f10-861a-418346d6e892&amp;ref_=pd_gw_crs_zg_bs_2335752011&quot; type displayed:false&gt;&lt;/a&gt;,
	&lt;a class=&quot;a-link-normal&quot; href=&quot;/Ferilinso-iPhone-Pro-Max-Accessories/dp/B0B6VPFHM1/?_encoding=UTF8&amp;pd_rd_w=BMTz4&amp;content-id=amzn1.sym.64be5821-f651-4b0b-8dd3-4f9b884f10e5&amp;pf_rd_p=64be5821-f651-4b0b-8dd3-4f9b884f10e5&amp;pf_rd_r=0AFEHW28M5QQ959AA9JM&amp;pd_rd_wg=JGVrp&amp;pd_rd_r=32fa10d4-b906-4f10-861a-418346d6e892&amp;ref_=pd_gw_crs_zg_bs_2335752011&quot; type displayed:false&gt;&lt;/a&gt;,
	&lt;a class=&quot;a-link-normal&quot; href=&quot;/QHOHQ-iPhone-Pro-6-1-Compatible/dp/B0B5RXXPGV/?_encoding=UTF8&amp;pd_rd_w=BMTz4&amp;content-id=amzn1.sym.64be5821-f651-4b0b-8dd3-4f9b884f10e5&amp;pf_rd_p=64be5821-f651-4b0b-8dd3-4f9b884f10e5&amp;pf_rd_r=0AFEHW28M5QQ959AA9JM&amp;pd_rd_wg=JGVrp&amp;pd_rd_r=32fa10d4-b906-4f10-861a-418346d6e892&amp;ref_=pd_gw_crs_zg_bs_2335752011&quot; type displayed:false&gt;&lt;/a&gt;,
	&lt;a class=&quot;a-link-normal&quot; href=&quot;/Wireless-Qi-Certified-Charging-Compatible-Qi-Enabled/dp/B079KZ49PJ/?_encoding=UTF8&amp;pd_rd_w=BMTz4&amp;content-id=amzn1.sym.64be5821-f651-4b0b-8dd3-4f9b884f10e5&amp;pf_rd_p=64be5821-f651-4b0b-8dd3-4f9b884f10e5&amp;pf_rd_r=0AFEHW28M5QQ959AA9JM&amp;pd_rd_wg=JGVrp&amp;pd_rd_r=32fa10d4-b906-4f10-861a-418346d6e892&amp;ref_=pd_gw_crs_zg_bs_2335752011&quot; type displayed:false&gt;&lt;/a&gt;,
	&lt;a class=&quot;a-link-normal&quot; href=&quot;/Compatible-Silicone-Waterproof-Wristbands-iWatch/dp/B09KNCDSWN/?_encoding=UTF8&amp;pd_rd_w=BMTz4&amp;content-id=amzn1.sym.64be5821-f651-4b0b-8dd3-4f9b884f10e5&amp;pf_rd_p=64be5821-f651-4b0b-8dd3-4f9b884f10e5&amp;pf_rd_r=0AFEHW28M5QQ959AA9JM&amp;pd_rd_wg=JGVrp&amp;pd_rd_r=32fa10d4-b906-4f10-861a-418346d6e892&amp;ref_=pd_gw_crs_zg_bs_2335752011&quot; type displayed:false&gt;&lt;/a&gt;,
	&lt;a class=&quot;a-link-normal&quot; href=&quot;/PopSockets-PopGrip-Swappable-Phones-Tablets/dp/B07P29XQR4/?_encoding=UTF8&amp;pd_rd_w=BMTz4&amp;content-id=amzn1.sym.64be5821-f651-4b0b-8dd3-4f9b884f10e5&amp;pf_rd_p=64be5821-f651-4b0b-8dd3-4f9b884f10e5&amp;pf_rd_r=0AFEHW28M5QQ959AA9JM&amp;pd_rd_wg=JGVrp&amp;pd_rd_r=32fa10d4-b906-4f10-861a-418346d6e892&amp;ref_=pd_gw_crs_zg_bs_2335752011&quot; type displayed:false&gt;&lt;/a&gt;,
	&lt;a class=&quot;a-link-normal&quot; href=&quot;/Female-Adapter-Charger-Airpods-Samsung/dp/B079LYHNSR/?_encoding=UTF8&amp;pd_rd_w=BMTz4&amp;content-id=amzn1.sym.64be5821-f651-4b0b-8dd3-4f9b884f10e5&amp;pf_rd_p=64be5821-f651-4b0b-8dd3-4f9b884f10e5&amp;pf_rd_r=0AFEHW28M5QQ959AA9JM&amp;pd_rd_wg=JGVrp&amp;pd_rd_r=32fa10d4-b906-4f10-861a-418346d6e892&amp;ref_=pd_gw_crs_zg_bs_2335752011&quot; type displayed:false&gt;&lt;/a&gt;,
	&lt;a class=&quot;a-link-normal&quot; href=&quot;/Spigen-Tempered-Protector-designed-Friendly/dp/B0B244R4KB/?_encoding=UTF8&amp;pd_rd_w=BMTz4&amp;content-id=amzn1.sym.64be5821-f651-4b0b-8dd3-4f9b884f10e5&amp;pf_rd_p=64be5821-f651-4b0b-8dd3-4f9b884f10e5&amp;pf_rd_r=0AFEHW28M5QQ959AA9JM&amp;pd_rd_wg=JGVrp&amp;pd_rd_r=32fa10d4-b906-4f10-861a-418346d6e892&amp;ref_=pd_gw_crs_zg_bs_2335752011&quot; type displayed:false&gt;&lt;/a&gt;,
	&lt;a class=&quot;a-link-normal&quot; href=&quot;/Ailun-Protector-Compatible-Tempered-Hardness/dp/B09CSP3B6T/?_encoding=UTF8&amp;pd_rd_w=BMTz4&amp;content-id=amzn1.sym.64be5821-f651-4b0b-8dd3-4f9b884f10e5&amp;pf_rd_p=64be5821-f651-4b0b-8dd3-4f9b884f10e5&amp;pf_rd_r=0AFEHW28M5QQ959AA9JM&amp;pd_rd_wg=JGVrp&amp;pd_rd_r=32fa10d4-b906-4f10-861a-418346d6e892&amp;ref_=pd_gw_crs_zg_bs_2335752011&quot; type displayed:false&gt;&lt;/a&gt;,
	&lt;a class=&quot;a-link-normal&quot; href=&quot;/Adepoy-Compatible-Silicone-Wristbands-Replacement/dp/B08HRKRWST/?_encoding=UTF8&amp;pd_rd_w=BMTz4&amp;content-id=amzn1.sym.64be5821-f651-4b0b-8dd3-4f9b884f10e5&amp;pf_rd_p=64be5821-f651-4b0b-8dd3-4f9b884f10e5&amp;pf_rd_r=0AFEHW28M5QQ959AA9JM&amp;pd_rd_wg=JGVrp&amp;pd_rd_r=32fa10d4-b906-4f10-861a-418346d6e892&amp;ref_=pd_gw_crs_zg_bs_2335752011&quot; type displayed:false&gt;&lt;/a&gt;,
	&lt;a class=&quot;a-link-normal&quot; href=&quot;/Spigen-Hybrid-Anti-Yellowing-Technology-Designed/dp/B0B1PG8T4S/?_encoding=UTF8&amp;pd_rd_w=BMTz4&amp;content-id=amzn1.sym.64be5821-f651-4b0b-8dd3-4f9b884f10e5&amp;pf_rd_p=64be5821-f651-4b0b-8dd3-4f9b884f10e5&amp;pf_rd_r=0AFEHW28M5QQ959AA9JM&amp;pd_rd_wg=JGVrp&amp;pd_rd_r=32fa10d4-b906-4f10-861a-418346d6e892&amp;ref_=pd_gw_crs_zg_bs_2335752011&quot; type displayed:false&gt;&lt;/a&gt;,
	&lt;a class=&quot;a-link-normal&quot; href=&quot;/QHOHQ-iPhone-Pro-Max-6-7/dp/B099DNGHBM/?_encoding=UTF8&amp;pd_rd_w=BMTz4&amp;content-id=amzn1.sym.64be5821-f651-4b0b-8dd3-4f9b884f10e5&amp;pf_rd_p=64be5821-f651-4b0b-8dd3-4f9b884f10e5&amp;pf_rd_r=0AFEHW28M5QQ959AA9JM&amp;pd_rd_wg=JGVrp&amp;pd_rd_r=32fa10d4-b906-4f10-861a-418346d6e892&amp;ref_=pd_gw_crs_zg_bs_2335752011&quot; type displayed:false&gt;&lt;/a&gt;,
	&lt;a aria-hidden=&quot;true&quot; aria-label=&quot;Carousel previous slide&quot; class=&quot;a-link-normal feed-carousel-control feed-left feed-control-disabled&quot; href=&quot;#&quot; tabindex=&quot;-1&quot; type displayed:false&gt;&lt;/a&gt;,
	&lt;a aria-hidden=&quot;true&quot; aria-label=&quot;Carousel next slide&quot; class=&quot;a-link-normal feed-carousel-control feed-right&quot; href=&quot;#&quot; tabindex=&quot;-1&quot; type displayed:false&gt;&lt;/a&gt;,
	&lt;a class=&quot;link--87_Ra&quot; href=&quot;/live/ref=gw_l_live&quot; type&gt;See more from Amazon Live&lt;/a&gt;,
	&lt;a role=&quot;button&quot; tabindex=&quot;-1&quot; type&gt;Amazon Influencer Program&lt;/a&gt;,
	&lt;a href=&quot;https://affiliate-program.amazon.com/influencers&quot; rel=&quot;noreferrer noopener&quot; target=&quot;_blank&quot; type displayed:false&gt;&lt;/a&gt;,
	&lt;a class=&quot;scroll-carousel_carouselControl__Id0y9 scroll-carousel_carouselHorizontalControl__1gDln scroll-carousel_feedLeft__2VUPq&quot; data-id=&quot;carouselControlFeedPrev&quot; type displayed:false&gt;&lt;/a&gt;,
	&lt;a class=&quot;scroll-carousel_carouselControl__Id0y9 scroll-carousel_carouselHorizontalControl__1gDln scroll-carousel_feedRight__3tG5G&quot; data-id=&quot;carouselControlFeedNext&quot; type displayed:false&gt;&lt;/a&gt;,
	&lt;a class=&quot;a-link-normal&quot; href=&quot;/essence-Princess-Effect-Mascara-Cruelty/dp/B00T0C9XRK/?_encoding=UTF8&amp;pd_rd_w=L1HZv&amp;content-id=amzn1.sym.64be5821-f651-4b0b-8dd3-4f9b884f10e5&amp;pf_rd_p=64be5821-f651-4b0b-8dd3-4f9b884f10e5&amp;pf_rd_r=0AFEHW28M5QQ959AA9JM&amp;pd_rd_wg=JGVrp&amp;pd_rd_r=32fa10d4-b906-4f10-861a-418346d6e892&amp;ref_=pd_gw_crs_zg_bs_3760911&quot; type&gt;&lt;/a&gt;,
	&lt;a class=&quot;a-link-normal&quot; href=&quot;/Neutrogena-Cleansing-Towelettes-Waterproof-Alcohol-Free/dp/B00U2VQZDS/?_encoding=UTF8&amp;pd_rd_w=L1HZv&amp;content-id=amzn1.sym.64be5821-f651-4b0b-8dd3-4f9b884f10e5&amp;pf_rd_p=64be5821-f651-4b0b-8dd3-4f9b884f10e5&amp;pf_rd_r=0AFEHW28M5QQ959AA9JM&amp;pd_rd_wg=JGVrp&amp;pd_rd_r=32fa10d4-b906-4f10-861a-418346d6e892&amp;ref_=pd_gw_crs_zg_bs_3760911&quot; type&gt;&lt;/a&gt;,
	&lt;a class=&quot;a-link-normal&quot; href=&quot;/NYX-Mechanical-Eye-Pencil-Black/dp/B005G9E9AW/?_encoding=UTF8&amp;pd_rd_w=L1HZv&amp;content-id=amzn1.sym.64be5821-f651-4b0b-8dd3-4f9b884f10e5&amp;pf_rd_p=64be5821-f651-4b0b-8dd3-4f9b884f10e5&amp;pf_rd_r=0AFEHW28M5QQ959AA9JM&amp;pd_rd_wg=JGVrp&amp;pd_rd_r=32fa10d4-b906-4f10-861a-418346d6e892&amp;ref_=pd_gw_crs_zg_bs_3760911&quot; type&gt;&lt;/a&gt;,
	&lt;a class=&quot;a-link-normal&quot; href=&quot;/Continuous-Bottle-Atomizer-Styling-Cleaning/dp/B093KXK6RN/?_encoding=UTF8&amp;pd_rd_w=L1HZv&amp;content-id=amzn1.sym.64be5821-f651-4b0b-8dd3-4f9b884f10e5&amp;pf_rd_p=64be5821-f651-4b0b-8dd3-4f9b884f10e5&amp;pf_rd_r=0AFEHW28M5QQ959AA9JM&amp;pd_rd_wg=JGVrp&amp;pd_rd_r=32fa10d4-b906-4f10-861a-418346d6e892&amp;ref_=pd_gw_crs_zg_bs_3760911&quot; type&gt;&lt;/a&gt;,
	&lt;a class=&quot;a-link-normal&quot; href=&quot;/Paulas-Choice-SKIN-PERFECTING-Exfoliant-Facial-Blackheads/dp/B00949CTQQ/?_encoding=UTF8&amp;pd_rd_w=L1HZv&amp;content-id=amzn1.sym.64be5821-f651-4b0b-8dd3-4f9b884f10e5&amp;pf_rd_p=64be5821-f651-4b0b-8dd3-4f9b884f10e5&amp;pf_rd_r=0AFEHW28M5QQ959AA9JM&amp;pd_rd_wg=JGVrp&amp;pd_rd_r=32fa10d4-b906-4f10-861a-418346d6e892&amp;ref_=pd_gw_crs_zg_bs_3760911&quot; type&gt;&lt;/a&gt;,
	&lt;a class=&quot;a-link-normal&quot; href=&quot;/Schick-Multipurpose-Exfoliating-Dermaplaning-Precision/dp/B0787GLBMV/?_encoding=UTF8&amp;pd_rd_w=L1HZv&amp;content-id=amzn1.sym.64be5821-f651-4b0b-8dd3-4f9b884f10e5&amp;pf_rd_p=64be5821-f651-4b0b-8dd3-4f9b884f10e5&amp;pf_rd_r=0AFEHW28M5QQ959AA9JM&amp;pd_rd_wg=JGVrp&amp;pd_rd_r=32fa10d4-b906-4f10-861a-418346d6e892&amp;ref_=pd_gw_crs_zg_bs_3760911&quot; type&gt;&lt;/a&gt;,
	&lt;a class=&quot;a-link-normal&quot; href=&quot;/Strip-Eyelash-Adhesive-Clear-0-176/dp/B01BMMOAFU/?_encoding=UTF8&amp;pd_rd_w=L1HZv&amp;content-id=amzn1.sym.64be5821-f651-4b0b-8dd3-4f9b884f10e5&amp;pf_rd_p=64be5821-f651-4b0b-8dd3-4f9b884f10e5&amp;pf_rd_r=0AFEHW28M5QQ959AA9JM&amp;pd_rd_wg=JGVrp&amp;pd_rd_r=32fa10d4-b906-4f10-861a-418346d6e892&amp;ref_=pd_gw_crs_zg_bs_3760911&quot; type&gt;&lt;/a&gt;,
	&lt;a class=&quot;a-link-normal&quot; href=&quot;/PanOxyl-Foaming-Peroxide-Strength-Antimicrobial/dp/B081KL2QYJ/?_encoding=UTF8&amp;pd_rd_w=L1HZv&amp;content-id=amzn1.sym.64be5821-f651-4b0b-8dd3-4f9b884f10e5&amp;pf_rd_p=64be5821-f651-4b0b-8dd3-4f9b884f10e5&amp;pf_rd_r=0AFEHW28M5QQ959AA9JM&amp;pd_rd_wg=JGVrp&amp;pd_rd_r=32fa10d4-b906-4f10-861a-418346d6e892&amp;ref_=pd_gw_crs_zg_bs_3760911&quot; type&gt;&lt;/a&gt;,
	&lt;a class=&quot;a-link-normal&quot; href=&quot;/CeraVe-Moisturizing-Cream-Daily-Moisturizer/dp/B00TTD9BRC/?_encoding=UTF8&amp;pd_rd_w=L1HZv&amp;content-id=amzn1.sym.64be5821-f651-4b0b-8dd3-4f9b884f10e5&amp;pf_rd_p=64be5821-f651-4b0b-8dd3-4f9b884f10e5&amp;pf_rd_r=0AFEHW28M5QQ959AA9JM&amp;pd_rd_wg=JGVrp&amp;pd_rd_r=32fa10d4-b906-4f10-861a-418346d6e892&amp;ref_=pd_gw_crs_zg_bs_3760911&quot; type displayed:false&gt;&lt;/a&gt;,
	&lt;a class=&quot;a-link-normal&quot; href=&quot;/Nizoral-Anti-Dandruff-Shampoo-Ketoconazole-Dandruff/dp/B00AINMFAC/?_encoding=UTF8&amp;pd_rd_w=L1HZv&amp;content-id=amzn1.sym.64be5821-f651-4b0b-8dd3-4f9b884f10e5&amp;pf_rd_p=64be5821-f651-4b0b-8dd3-4f9b884f10e5&amp;pf_rd_r=0AFEHW28M5QQ959AA9JM&amp;pd_rd_wg=JGVrp&amp;pd_rd_r=32fa10d4-b906-4f10-861a-418346d6e892&amp;ref_=pd_gw_crs_zg_bs_3760911&quot; type displayed:false&gt;&lt;/a&gt;,
	&lt;a class=&quot;a-link-normal&quot; href=&quot;/CeraVe-Facial-Moisturizing-Lotion-Lightweight/dp/B00365DABC/?_encoding=UTF8&amp;pd_rd_w=L1HZv&amp;content-id=amzn1.sym.64be5821-f651-4b0b-8dd3-4f9b884f10e5&amp;pf_rd_p=64be5821-f651-4b0b-8dd3-4f9b884f10e5&amp;pf_rd_r=0AFEHW28M5QQ959AA9JM&amp;pd_rd_wg=JGVrp&amp;pd_rd_r=32fa10d4-b906-4f10-861a-418346d6e892&amp;ref_=pd_gw_crs_zg_bs_3760911&quot; type displayed:false&gt;&lt;/a&gt;,
	&lt;a class=&quot;a-link-normal&quot; href=&quot;/SC-Johnson-623181-Cotton-Standard/dp/B07GPP3XC1/?_encoding=UTF8&amp;pd_rd_w=L1HZv&amp;content-id=amzn1.sym.64be5821-f651-4b0b-8dd3-4f9b884f10e5&amp;pf_rd_p=64be5821-f651-4b0b-8dd3-4f9b884f10e5&amp;pf_rd_r=0AFEHW28M5QQ959AA9JM&amp;pd_rd_wg=JGVrp&amp;pd_rd_r=32fa10d4-b906-4f10-861a-418346d6e892&amp;ref_=pd_gw_crs_zg_bs_3760911&quot; type displayed:false&gt;&lt;/a&gt;,
	&lt;a class=&quot;a-link-normal&quot; href=&quot;/CeraVe-Hydrating-Facial-Cleanser-Fragrance/dp/B01MSSDEPK/?_encoding=UTF8&amp;pd_rd_w=L1HZv&amp;content-id=amzn1.sym.64be5821-f651-4b0b-8dd3-4f9b884f10e5&amp;pf_rd_p=64be5821-f651-4b0b-8dd3-4f9b884f10e5&amp;pf_rd_r=0AFEHW28M5QQ959AA9JM&amp;pd_rd_wg=JGVrp&amp;pd_rd_r=32fa10d4-b906-4f10-861a-418346d6e892&amp;ref_=pd_gw_crs_zg_bs_3760911&quot; type displayed:false&gt;&lt;/a&gt;,
	&lt;a class=&quot;a-link-normal&quot; href=&quot;/Maybelline-Instant-Circles-Treatment-Concealer/dp/B004Y9GTYE/?_encoding=UTF8&amp;pd_rd_w=L1HZv&amp;content-id=amzn1.sym.64be5821-f651-4b0b-8dd3-4f9b884f10e5&amp;pf_rd_p=64be5821-f651-4b0b-8dd3-4f9b884f10e5&amp;pf_rd_r=0AFEHW28M5QQ959AA9JM&amp;pd_rd_wg=JGVrp&amp;pd_rd_r=32fa10d4-b906-4f10-861a-418346d6e892&amp;ref_=pd_gw_crs_zg_bs_3760911&quot; type displayed:false&gt;&lt;/a&gt;,
	&lt;a class=&quot;a-link-normal&quot; href=&quot;/NYX-PROFESSIONAL-MAKEUP-Jumbo-Pencil/dp/B001TK4LM8/?_encoding=UTF8&amp;pd_rd_w=L1HZv&amp;content-id=amzn1.sym.64be5821-f651-4b0b-8dd3-4f9b884f10e5&amp;pf_rd_p=64be5821-f651-4b0b-8dd3-4f9b884f10e5&amp;pf_rd_r=0AFEHW28M5QQ959AA9JM&amp;pd_rd_wg=JGVrp&amp;pd_rd_r=32fa10d4-b906-4f10-861a-418346d6e892&amp;ref_=pd_gw_crs_zg_bs_3760911&quot; type displayed:false&gt;&lt;/a&gt;,
	&lt;a class=&quot;a-link-normal&quot; href=&quot;/Maybelline-Volumizing-Buildable-Lengthening-Multiplying/dp/B08H3JPH74/?_encoding=UTF8&amp;pd_rd_w=L1HZv&amp;content-id=amzn1.sym.64be5821-f651-4b0b-8dd3-4f9b884f10e5&amp;pf_rd_p=64be5821-f651-4b0b-8dd3-4f9b884f10e5&amp;pf_rd_r=0AFEHW28M5QQ959AA9JM&amp;pd_rd_wg=JGVrp&amp;pd_rd_r=32fa10d4-b906-4f10-861a-418346d6e892&amp;ref_=pd_gw_crs_zg_bs_3760911&quot; type displayed:false&gt;&lt;/a&gt;,
	&lt;a class=&quot;a-link-normal&quot; href=&quot;/CeraVe-Facial-Moisturizing-Lotion-AM/dp/B00F97FHAW/?_encoding=UTF8&amp;pd_rd_w=L1HZv&amp;content-id=amzn1.sym.64be5821-f651-4b0b-8dd3-4f9b884f10e5&amp;pf_rd_p=64be5821-f651-4b0b-8dd3-4f9b884f10e5&amp;pf_rd_r=0AFEHW28M5QQ959AA9JM&amp;pd_rd_wg=JGVrp&amp;pd_rd_r=32fa10d4-b906-4f10-861a-418346d6e892&amp;ref_=pd_gw_crs_zg_bs_3760911&quot; type displayed:false&gt;&lt;/a&gt;,
	&lt;a class=&quot;a-link-normal&quot; href=&quot;/Philips-Norelco-Multigroom-attachment-MG3750/dp/B01K1HPA60/?_encoding=UTF8&amp;pd_rd_w=L1HZv&amp;content-id=amzn1.sym.64be5821-f651-4b0b-8dd3-4f9b884f10e5&amp;pf_rd_p=64be5821-f651-4b0b-8dd3-4f9b884f10e5&amp;pf_rd_r=0AFEHW28M5QQ959AA9JM&amp;pd_rd_wg=JGVrp&amp;pd_rd_r=32fa10d4-b906-4f10-861a-418346d6e892&amp;ref_=pd_gw_crs_zg_bs_3760911&quot; type displayed:false&gt;&lt;/a&gt;,
	&lt;a class=&quot;a-link-normal&quot; href=&quot;/EltaMD-Acne-Prone-Mineral-Based-Dermatologist-Recommended/dp/B002MSN3QQ/?_encoding=UTF8&amp;pd_rd_w=L1HZv&amp;content-id=amzn1.sym.64be5821-f651-4b0b-8dd3-4f9b884f10e5&amp;pf_rd_p=64be5821-f651-4b0b-8dd3-4f9b884f10e5&amp;pf_rd_r=0AFEHW28M5QQ959AA9JM&amp;pd_rd_wg=JGVrp&amp;pd_rd_r=32fa10d4-b906-4f10-861a-418346d6e892&amp;ref_=pd_gw_crs_zg_bs_3760911&quot; type displayed:false&gt;&lt;/a&gt;,
	&lt;a class=&quot;a-link-normal&quot; href=&quot;/Differin-Adapalene-0-1-Acne-Treatment/dp/B07L1PHSY9/?_encoding=UTF8&amp;pd_rd_w=L1HZv&amp;content-id=amzn1.sym.64be5821-f651-4b0b-8dd3-4f9b884f10e5&amp;pf_rd_p=64be5821-f651-4b0b-8dd3-4f9b884f10e5&amp;pf_rd_r=0AFEHW28M5QQ959AA9JM&amp;pd_rd_wg=JGVrp&amp;pd_rd_r=32fa10d4-b906-4f10-861a-418346d6e892&amp;ref_=pd_gw_crs_zg_bs_3760911&quot; type displayed:false&gt;&lt;/a&gt;,
	&lt;a class=&quot;a-link-normal&quot; href=&quot;/Revlon-One-Step-Dryer-Volumizer-Brush/dp/B01LSUQSB0/?_encoding=UTF8&amp;pd_rd_w=L1HZv&amp;content-id=amzn1.sym.64be5821-f651-4b0b-8dd3-4f9b884f10e5&amp;pf_rd_p=64be5821-f651-4b0b-8dd3-4f9b884f10e5&amp;pf_rd_r=0AFEHW28M5QQ959AA9JM&amp;pd_rd_wg=JGVrp&amp;pd_rd_r=32fa10d4-b906-4f10-861a-418346d6e892&amp;ref_=pd_gw_crs_zg_bs_3760911&quot; type displayed:false&gt;&lt;/a&gt;,
	&lt;a class=&quot;a-link-normal&quot; href=&quot;/Handcraft-Rosemary-Essential-Oil-Therapeutic/dp/B0757Y44SK/?_encoding=UTF8&amp;pd_rd_w=L1HZv&amp;content-id=amzn1.sym.64be5821-f651-4b0b-8dd3-4f9b884f10e5&amp;pf_rd_p=64be5821-f651-4b0b-8dd3-4f9b884f10e5&amp;pf_rd_r=0AFEHW28M5QQ959AA9JM&amp;pd_rd_wg=JGVrp&amp;pd_rd_r=32fa10d4-b906-4f10-861a-418346d6e892&amp;ref_=pd_gw_crs_zg_bs_3760911&quot; type displayed:false&gt;&lt;/a&gt;,
	&lt;a class=&quot;a-link-normal&quot; href=&quot;/Pooplunch-Eyelashes-Fluffy-Dramatic-Multipack/dp/B09278TNHM/?_encoding=UTF8&amp;pd_rd_w=L1HZv&amp;content-id=amzn1.sym.64be5821-f651-4b0b-8dd3-4f9b884f10e5&amp;pf_rd_p=64be5821-f651-4b0b-8dd3-4f9b884f10e5&amp;pf_rd_r=0AFEHW28M5QQ959AA9JM&amp;pd_rd_wg=JGVrp&amp;pd_rd_r=32fa10d4-b906-4f10-861a-418346d6e892&amp;ref_=pd_gw_crs_zg_bs_3760911&quot; type displayed:false&gt;&lt;/a&gt;,
	&lt;a class=&quot;a-link-normal&quot; href=&quot;/Beetles-Wipe-Gel-Coat-Base/dp/B07F12SZDS/?_encoding=UTF8&amp;pd_rd_w=L1HZv&amp;content-id=amzn1.sym.64be5821-f651-4b0b-8dd3-4f9b884f10e5&amp;pf_rd_p=64be5821-f651-4b0b-8dd3-4f9b884f10e5&amp;pf_rd_r=0AFEHW28M5QQ959AA9JM&amp;pd_rd_wg=JGVrp&amp;pd_rd_r=32fa10d4-b906-4f10-861a-418346d6e892&amp;ref_=pd_gw_crs_zg_bs_3760911&quot; type displayed:false&gt;&lt;/a&gt;,
	&lt;a class=&quot;a-link-normal&quot; href=&quot;/Mrs-Meyers-Clean-Day-Verbena/dp/B00F1U0YB4/?_encoding=UTF8&amp;pd_rd_w=L1HZv&amp;content-id=amzn1.sym.64be5821-f651-4b0b-8dd3-4f9b884f10e5&amp;pf_rd_p=64be5821-f651-4b0b-8dd3-4f9b884f10e5&amp;pf_rd_r=0AFEHW28M5QQ959AA9JM&amp;pd_rd_wg=JGVrp&amp;pd_rd_r=32fa10d4-b906-4f10-861a-418346d6e892&amp;ref_=pd_gw_crs_zg_bs_3760911&quot; type displayed:false&gt;&lt;/a&gt;,
	&lt;a class=&quot;a-link-normal&quot; href=&quot;/Beetles-Gel-Polish-Audrey-Manicure/dp/B08HYW2MKG/?_encoding=UTF8&amp;pd_rd_w=L1HZv&amp;content-id=amzn1.sym.64be5821-f651-4b0b-8dd3-4f9b884f10e5&amp;pf_rd_p=64be5821-f651-4b0b-8dd3-4f9b884f10e5&amp;pf_rd_r=0AFEHW28M5QQ959AA9JM&amp;pd_rd_wg=JGVrp&amp;pd_rd_r=32fa10d4-b906-4f10-861a-418346d6e892&amp;ref_=pd_gw_crs_zg_bs_3760911&quot; type displayed:false&gt;&lt;/a&gt;,
	&lt;a class=&quot;a-link-normal&quot; href=&quot;/LOreal-Paris-Voluminous-Paradise-Washable/dp/B06XF2TR11/?_encoding=UTF8&amp;pd_rd_w=L1HZv&amp;content-id=amzn1.sym.64be5821-f651-4b0b-8dd3-4f9b884f10e5&amp;pf_rd_p=64be5821-f651-4b0b-8dd3-4f9b884f10e5&amp;pf_rd_r=0AFEHW28M5QQ959AA9JM&amp;pd_rd_wg=JGVrp&amp;pd_rd_r=32fa10d4-b906-4f10-861a-418346d6e892&amp;ref_=pd_gw_crs_zg_bs_3760911&quot; type displayed:false&gt;&lt;/a&gt;,
	&lt;a class=&quot;a-link-normal&quot; href=&quot;/Bio-Oil-200ml-Multiuse-Skincare-6-7oz/dp/B00AREGVUM/?_encoding=UTF8&amp;pd_rd_w=L1HZv&amp;content-id=amzn1.sym.64be5821-f651-4b0b-8dd3-4f9b884f10e5&amp;pf_rd_p=64be5821-f651-4b0b-8dd3-4f9b884f10e5&amp;pf_rd_r=0AFEHW28M5QQ959AA9JM&amp;pd_rd_wg=JGVrp&amp;pd_rd_r=32fa10d4-b906-4f10-861a-418346d6e892&amp;ref_=pd_gw_crs_zg_bs_3760911&quot; type displayed:false&gt;&lt;/a&gt;,
	&lt;a aria-hidden=&quot;true&quot; aria-label=&quot;Carousel previous slide&quot; class=&quot;a-link-normal feed-carousel-control feed-left feed-control-disabled&quot; href=&quot;#&quot; tabindex=&quot;-1&quot; type displayed:false&gt;&lt;/a&gt;,
	&lt;a aria-hidden=&quot;true&quot; aria-label=&quot;Carousel next slide&quot; class=&quot;a-link-normal feed-carousel-control feed-right&quot; href=&quot;#&quot; tabindex=&quot;-1&quot; type displayed:false&gt;&lt;/a&gt;,
	&lt;a class=&quot;a-declarative&quot; data-a-modal=&quot;{&quot;url&quot;:&quot;/af/feedback-form?pl=%7B%22adPlacementMetaData%22%3A%7B%22pageUrl%22%3A%22aHR0cHM6Ly93d3cuYW1hem9uLmNvbS8%2F%22%2C%22adElementId%22%3A%22ape_Gateway_desktop-ad-center-1_desktop_placement%22%2C%22pageType%22%3A%22Gateway%22%2C%22slotName%22%3A%22desktop-ad-center-1%22%7D%2C%22adCreativeMetaData%22%3A%7B%22adProgramId%22%3A1001%2C%22adCreativeId%22%3A17204284601%2C%22adNetwork%22%3A%22cs%22%2C%22adImpressionId%22%3A%22https%3A%2F%2Faax-us-iad.amazon.com%2Fe%2Fxsp%2Fimp%3Fb%3DRF7fbWuAipmei6clVPgvRGAAAAGDnIx8OAEAAAH0AQBOL0EgICAgICAgICAgICBOL0EgICAgICAgICAgICBD46J2%22%2C%22adCreativeTemplateName%22%3A%22Image%22%2C%22adId%22%3A588458562152201700%7D%7D&amp;daFlg=false&amp;ie=UTF-8&quot;,     &quot;name&quot;:&quot;shared-placement-feedback-modal-desktop-ad-center-1&quot;,&quot;header&quot;:&quot;Leave feedback&quot;,&quot;width&quot;:&quot;460&quot;}&quot; data-action=&quot;a-modal&quot; tabindex=&quot;0&quot; type&gt;Sponsored&lt;/a&gt;,
	&lt;a class=&quot;a-link-normal center-image aok-block image-window&quot; href=&quot;/b?node=24428184011&amp;ref=ALM_HL_DSR_desktop_GWCC_PBM_NFLshop&quot; type&gt;&lt;/a&gt;,
	&lt;a class=&quot;a-link-normal see-more truncate-1line&quot; href=&quot;/b?node=24428184011&amp;ref=ALM_HL_DSR_desktop_GWCC_PBM_NFLshop&quot; type&gt;See more&lt;/a&gt;,
	&lt;a aria-label=&quot;Wallpaper&quot; class=&quot;a-link-normal image-redirect aok-block image-window&quot; href=&quot;/b/?node=23377216011&quot; type&gt;Wallpaper&lt;/a&gt;,
	&lt;a aria-label=&quot;Dining&quot; class=&quot;a-link-normal image-redirect aok-block image-window&quot; href=&quot;/b/?node=19410857011&quot; type&gt;Dining&lt;/a&gt;,
	&lt;a aria-label=&quot;Entryway&quot; class=&quot;a-link-normal image-redirect aok-block image-window&quot; href=&quot;/b/?node=19410858011&quot; type&gt;Entryway&lt;/a&gt;,
	&lt;a aria-label=&quot;Indoor garden&quot; class=&quot;a-link-normal image-redirect aok-block image-window&quot; href=&quot;/b/?node=19410859011&quot; type&gt;Indoor garden&lt;/a&gt;,
	&lt;a class=&quot;a-link-normal see-more truncate-1line&quot; href=&quot;/exec/obidos/tg/browse/-/1055398&quot; type&gt;See more on Amazon Home&lt;/a&gt;,
	&lt;a class=&quot;a-spacing-none a-link-normal aok-float-left aok-relative _quad-multi-asin-card-v2_style_quadrant__3xH-V _quad-multi-asin-card-v2_style_topLeftQuadrant__yF7Ht a-text-normal&quot; href=&quot;/Amazon-Basics-Paracord-7-Strand-Strength/dp/B08HNZB3PZ/?_encoding=UTF8&amp;pd_rd_w=QEQhY&amp;content-id=amzn1.sym.c5629238-4d62-4661-a21b-2fc45188eeea&amp;pf_rd_p=c5629238-4d62-4661-a21b-2fc45188eeea&amp;pf_rd_r=0AFEHW28M5QQ959AA9JM&amp;pd_rd_wg=JGVrp&amp;pd_rd_r=32fa10d4-b906-4f10-861a-418346d6e892&amp;ref_=pd_gw_pop_in_ab&quot; type&gt;&lt;/a&gt;,
[...]
<a class="a-link-normal" href="/Sonic-Frontiers-Nintendo-Switch/dp/B0BB13V163/?_encoding=UTF8&pd_rd_w=IvuUF&content-id=amzn1.sym.96b87dff-e11d-44c7-972e-b6a4372b808c&pf_rd_p=96b87dff-e11d-44c7-972e-b6a4372b808c&pf_rd_r=0AFEHW28M5QQ959AA9JM&pd_rd_wg=JGVrp&pd_rd_r=32fa10d4-b906-4f10-861a-418346d6e892&ref_=pd_gw_crs_zg_bs_468642" type displayed:false></a>,
<a class="a-link-normal" href="/Super-Smash-Bros-Ultimate-Nintendo-Switch/dp/B01N5OKGLH/?_encoding=UTF8&pd_rd_w=IvuUF&content-id=amzn1.sym.96b87dff-e11d-44c7-972e-b6a4372b808c&pf_rd_p=96b87dff-e11d-44c7-972e-b6a4372b808c&pf_rd_r=0AFEHW28M5QQ959AA9JM&pd_rd_wg=JGVrp&pd_rd_r=32fa10d4-b906-4f10-861a-418346d6e892&ref_=pd_gw_crs_zg_bs_468642" type displayed:false></a>,
<a class="a-link-normal" href="/Console-Horizon-Forbidden-Bundle-PlayStation-5/dp/B0B16656Z2/?_encoding=UTF8&pd_rd_w=IvuUF&content-id=amzn1.sym.96b87dff-e11d-44c7-972e-b6a4372b808c&pf_rd_p=96b87dff-e11d-44c7-972e-b6a4372b808c&pf_rd_r=0AFEHW28M5QQ959AA9JM&pd_rd_wg=JGVrp&pd_rd_r=32fa10d4-b906-4f10-861a-418346d6e892&ref_=pd_gw_crs_zg_bs_468642" type displayed:false></a>,
<a class="a-link-normal" href="/Nintendo-Switch-Sports/dp/B09KRK6C82/?_encoding=UTF8&pd_rd_w=IvuUF&content-id=amzn1.sym.96b87dff-e11d-44c7-972e-b6a4372b808c&pf_rd_p=96b87dff-e11d-44c7-972e-b6a4372b808c&pf_rd_r=0AFEHW28M5QQ959AA9JM&pd_rd_wg=JGVrp&pd_rd_r=32fa10d4-b906-4f10-861a-418346d6e892&ref_=pd_gw_crs_zg_bs_468642" type displayed:false></a>,
<a class="a-link-normal" href="/Pokemon-Legends-Arceus-Nintendo-Switch/dp/B0914YGQSH/?_encoding=UTF8&pd_rd_w=IvuUF&content-id=amzn1.sym.96b87dff-e11d-44c7-972e-b6a4372b808c&pf_rd_p=96b87dff-e11d-44c7-972e-b6a4372b808c&pf_rd_r=0AFEHW28M5QQ959AA9JM&pd_rd_wg=JGVrp&pd_rd_r=32fa10d4-b906-4f10-861a-418346d6e892&ref_=pd_gw_crs_zg_bs_468642" type displayed:false></a>,
<a class="a-link-normal" href="/Robux-Roblox-Online-Game-Code/dp/B07RX6FBFR/?_encoding=UTF8&pd_rd_w=IvuUF&content-id=amzn1.sym.96b87dff-e11d-44c7-972e-b6a4372b808c&pf_rd_p=96b87dff-e11d-44c7-972e-b6a4372b808c&pf_rd_r=0AFEHW28M5QQ959AA9JM&pd_rd_wg=JGVrp&pd_rd_r=32fa10d4-b906-4f10-861a-418346d6e892&ref_=pd_gw_crs_zg_bs_468642" type displayed:false></a>,
<a class="a-link-normal" href="/Nintendo-eShop-Gift-Card/dp/B07ZJ6RY1W/?_encoding=UTF8&pd_rd_w=IvuUF&content-id=amzn1.sym.96b87dff-e11d-44c7-972e-b6a4372b808c&pf_rd_p=96b87dff-e11d-44c7-972e-b6a4372b808c&pf_rd_r=0AFEHW28M5QQ959AA9JM&pd_rd_wg=JGVrp&pd_rd_r=32fa10d4-b906-4f10-861a-418346d6e892&ref_=pd_gw_crs_zg_bs_468642" type displayed:false></a>,
<a class="a-link-normal" href="/Minecraft-Nintendo-Switch/dp/B07D13QGXM/?_encoding=UTF8&pd_rd_w=IvuUF&content-id=amzn1.sym.96b87dff-e11d-44c7-972e-b6a4372b808c&pf_rd_p=96b87dff-e11d-44c7-972e-b6a4372b808c&pf_rd_r=0AFEHW28M5QQ959AA9JM&pd_rd_wg=JGVrp&pd_rd_r=32fa10d4-b906-4f10-861a-418346d6e892&ref_=pd_gw_crs_zg_bs_468642" type displayed:false></a>,
<a class="a-link-normal" href="/Hogwarts-Legacy-Deluxe-Nintendo-Switch/dp/B0BBWMHT83/?_encoding=UTF8&pd_rd_w=IvuUF&content-id=amzn1.sym.96b87dff-e11d-44c7-972e-b6a4372b808c&pf_rd_p=96b87dff-e11d-44c7-972e-b6a4372b808c&pf_rd_r=0AFEHW28M5QQ959AA9JM&pd_rd_wg=JGVrp&pd_rd_r=32fa10d4-b906-4f10-861a-418346d6e892&ref_=pd_gw_crs_zg_bs_468642" type displayed:false></a>,
<a class="a-link-normal" href="/GeekShare-Silicone-Joystick-Compatible-Nintendo/dp/B09YM1RR2H/?_encoding=UTF8&pd_rd_w=IvuUF&content-id=amzn1.sym.96b87dff-e11d-44c7-972e-b6a4372b808c&pf_rd_p=96b87dff-e11d-44c7-972e-b6a4372b808c&pf_rd_r=0AFEHW28M5QQ959AA9JM&pd_rd_wg=JGVrp&pd_rd_r=32fa10d4-b906-4f10-861a-418346d6e892&ref_=pd_gw_crs_zg_bs_468642" type displayed:false></a>,
<a class="a-link-normal" href="/Typewriter-Mechanical-Bluetooth-Connection-Classical/dp/B08T9BHCJK/?_encoding=UTF8&pd_rd_w=IvuUF&content-id=amzn1.sym.96b87dff-e11d-44c7-972e-b6a4372b808c&pf_rd_p=96b87dff-e11d-44c7-972e-b6a4372b808c&pf_rd_r=0AFEHW28M5QQ959AA9JM&pd_rd_wg=JGVrp&pd_rd_r=32fa10d4-b906-4f10-861a-418346d6e892&ref_=pd_gw_crs_zg_bs_468642" type displayed:false></a>,
<a class="a-link-normal" href="/Animal-Crossing-New-Horizons-Nintendo-Switch/dp/B07SL6ZXBL/?_encoding=UTF8&pd_rd_w=IvuUF&content-id=amzn1.sym.96b87dff-e11d-44c7-972e-b6a4372b808c&pf_rd_p=96b87dff-e11d-44c7-972e-b6a4372b808c&pf_rd_r=0AFEHW28M5QQ959AA9JM&pd_rd_wg=JGVrp&pd_rd_r=32fa10d4-b906-4f10-861a-418346d6e892&ref_=pd_gw_crs_zg_bs_468642" type displayed:false></a>,
<a class="a-link-normal" href="/Octopath-Traveler-II-Nintendo-Switch/dp/B0BF66G8F9/?_encoding=UTF8&pd_rd_w=IvuUF&content-id=amzn1.sym.96b87dff-e11d-44c7-972e-b6a4372b808c&pf_rd_p=96b87dff-e11d-44c7-972e-b6a4372b808c&pf_rd_r=0AFEHW28M5QQ959AA9JM&pd_rd_wg=JGVrp&pd_rd_r=32fa10d4-b906-4f10-861a-418346d6e892&ref_=pd_gw_crs_zg_bs_468642" type displayed:false></a>,
<a class="a-link-normal" href="/PlayStation-Store-Gift-Variation-Parent/dp/B09H3W6SRV/?_encoding=UTF8&pd_rd_w=IvuUF&content-id=amzn1.sym.96b87dff-e11d-44c7-972e-b6a4372b808c&pf_rd_p=96b87dff-e11d-44c7-972e-b6a4372b808c&pf_rd_r=0AFEHW28M5QQ959AA9JM&pd_rd_wg=JGVrp&pd_rd_r=32fa10d4-b906-4f10-861a-418346d6e892&ref_=pd_gw_crs_zg_bs_468642" type displayed:false></a>,
<a class="a-link-normal" href="/Nintendo-Switch-Pro-Controller/dp/B01NAWKYZ0/?_encoding=UTF8&pd_rd_w=IvuUF&content-id=amzn1.sym.96b87dff-e11d-44c7-972e-b6a4372b808c&pf_rd_p=96b87dff-e11d-44c7-972e-b6a4372b808c&pf_rd_r=0AFEHW28M5QQ959AA9JM&pd_rd_wg=JGVrp&pd_rd_r=32fa10d4-b906-4f10-861a-418346d6e892&ref_=pd_gw_crs_zg_bs_468642" type displayed:false></a>,
<a class="a-link-normal" href="/Harvestella-Nintendo-Switch/dp/B0BB42DV8P/?_encoding=UTF8&pd_rd_w=IvuUF&content-id=amzn1.sym.96b87dff-e11d-44c7-972e-b6a4372b808c&pf_rd_p=96b87dff-e11d-44c7-972e-b6a4372b808c&pf_rd_r=0AFEHW28M5QQ959AA9JM&pd_rd_wg=JGVrp&pd_rd_r=32fa10d4-b906-4f10-861a-418346d6e892&ref_=pd_gw_crs_zg_bs_468642" type displayed:false></a>,
<a class="a-link-normal" href="/Robux-Roblox-Online-Game-Code/dp/B07RZ74VLR/?_encoding=UTF8&pd_rd_w=IvuUF&content-id=amzn1.sym.96b87dff-e11d-44c7-972e-b6a4372b808c&pf_rd_p=96b87dff-e11d-44c7-972e-b6a4372b808c&pf_rd_r=0AFEHW28M5QQ959AA9JM&pd_rd_wg=JGVrp&pd_rd_r=32fa10d4-b906-4f10-861a-418346d6e892&ref_=pd_gw_crs_zg_bs_468642" type displayed:false></a>,
<a class="a-link-normal" href="/Mario-Party-Superstars-Nintendo-Switch/dp/B097B2HQ5R/?_encoding=UTF8&pd_rd_w=IvuUF&content-id=amzn1.sym.96b87dff-e11d-44c7-972e-b6a4372b808c&pf_rd_p=96b87dff-e11d-44c7-972e-b6a4372b808c&pf_rd_r=0AFEHW28M5QQ959AA9JM&pd_rd_wg=JGVrp&pd_rd_r=32fa10d4-b906-4f10-861a-418346d6e892&ref_=pd_gw_crs_zg_bs_468642" type displayed:false></a>,
<a class="a-link-normal" href="/Teenage-Turtles-Cowabunga-Collection-Nintendo-Switch/dp/B09W39YNQV/?_encoding=UTF8&pd_rd_w=IvuUF&content-id=amzn1.sym.96b87dff-e11d-44c7-972e-b6a4372b808c&pf_rd_p=96b87dff-e11d-44c7-972e-b6a4372b808c&pf_rd_r=0AFEHW28M5QQ959AA9JM&pd_rd_wg=JGVrp&pd_rd_r=32fa10d4-b906-4f10-861a-418346d6e892&ref_=pd_gw_crs_zg_bs_468642" type displayed:false></a>,
<a class="a-link-normal" href="/Luigis-Mansion-3-Nintendo-Switch/dp/B07SK4W1VJ/?_encoding=UTF8&pd_rd_w=IvuUF&content-id=amzn1.sym.96b87dff-e11d-44c7-972e-b6a4372b808c&pf_rd_p=96b87dff-e11d-44c7-972e-b6a4372b808c&pf_rd_r=0AFEHW28M5QQ959AA9JM&pd_rd_wg=JGVrp&pd_rd_r=32fa10d4-b906-4f10-861a-418346d6e892&ref_=pd_gw_crs_zg_bs_468642" type displayed:false></a>,
<a aria-hidden="true" aria-label="Carousel previous slide" class="a-link-normal feed-carousel-control feed-left feed-control-disabled" href="#" tabindex="-1" type displayed:false></a>,
<a aria-hidden="true" aria-label="Carousel next slide" class="a-link-normal feed-carousel-control feed-right" href="#" tabindex="-1" type displayed:false></a>,
<a class="a-declarative" data-a-modal="{"url":"/af/feedback-form?pl=%7B%22adPlacementMetaData%22%3A%7B%22pageUrl%22%3A%22aHR0cHM6Ly93d3cuYW1hem9uLmNvbS8%2F%22%2C%22adElementId%22%3A%22ape_Gateway_right-7_desktop_placement%22%2C%22pageType%22%3A%22Gateway%22%2C%22slotName%22%3A%22right-7%22%7D%2C%22adCreativeMetaData%22%3A%7B%22adProgramId%22%3A1001%2C%22adCreativeId%22%3A17170625401%2C%22adNetwork%22%3A%22cs%22%2C%22adImpressionId%22%3A%22https%3A%2F%2Faax-us-iad.amazon.com%2Fe%2Fxsp%2Fimp%3Fb%3DRLW4oW5Pm4Z_B9Kp8kcRtCEAAAGDnIx8OAEAAAH0AQBOL0EgICAgICAgICAgICBOL0EgICAgICAgICAgICBu2AKv%22%2C%22adCreativeTemplateName%22%3A%22Image%22%2C%22adId%22%3A588458562152201700%7D%7D&daFlg=false&ie=UTF-8",     "name":"shared-placement-feedback-modal-right-7","header":"Leave feedback","width":"460"}" data-action="a-modal" tabindex="0" type>Sponsored</a>,
<a href="/gp/history" type displayed:false></a>,
<a aria-label="Back to top" href="#nav-top" id="navBackToTop" type>Back to top</a>,
<a class="nav_a" href="https://www.amazon.jobs" type>Careers</a>,
<a class="nav_a" href="https://email.aboutamazon.com/l/637851/2020-10-29/pd87g?Traffic_Source=Blog&Module=hat" type>Amazon Newsletter</a>,
<a class="nav_a" href="https://www.aboutamazon.com/?utm_source=gateway&utm_medium=footer&token=about" type>About Amazon</a>,
<a class="nav_a" href="https://sustainability.aboutamazon.com/?utm_source=gateway&utm_medium=footer&ref_=susty_footer" type>Sustainability</a>,
<a class="nav_a" href="https://www.amazon.com/pr" type>Press Center</a>,
<a class="nav_a" href="https://www.amazon.com/ir" type>Investor Relations</a>,
<a class="nav_a" href="/gp/browse.html?node=2102313011&ref_=footer_devices" type>Amazon Devices</a>,
<a class="nav_a" href="https://www.amazon.science" type>Amazon Science</a>,
<a class="nav_a" href="https://sell.amazon.com/?ld=AZFSSOA&ref_=footer_soa" type>Sell products on Amazon</a>,
<a class="nav_a" href="https://developer.amazon.com" type>Sell apps on Amazon</a>,
<a class="nav_a" href="https://supply.amazon.com" type>Supply to Amazon</a>,
<a class="nav_a" href="https://affiliate-program.amazon.com/" type>Become an Affiliate</a>,
<a class="nav_a" href="https://www.fountain.com/jobs/amazon-delivery-service-partner?utm_source=amazon.com&utm_medium=footer" type>Become a Delivery Driver</a>,
<a class="nav_a" href="https://logistics.amazon.com/marketing?utm_source=amzn&utm_medium=footer&utm_campaign=home" type>Start a package delivery business</a>,
<a class="nav_a" href="https://advertising.amazon.com/?ref=ext_amzn_ftr" type>Advertise Your Products</a>,
<a class="nav_a" href="/gp/seller-account/mm-summary-page.html?ld=AZFooterSelfPublish&topic=200260520&ref_=footer_publishing" type>Self-Publish with Us</a>,
<a class="nav_a" href="https://www.amazon.com/b/?node=13853235011" type>Host an Amazon Hub</a>,
<a class="nav_a" href="/b/?node=18190131011&ld=AZUSSOA-seemore&ref_=footer_seemore" type>See More Ways to Make Money</a>,
<a class="nav_a" href="/iss/credit/rewardscardmember?plattr=CBFOOT&ref_=footer_cbcc" type>Amazon Rewards Visa Signature Cards</a>,
<a class="nav_a" href="/credit/storecard/member?plattr=PLCCFOOT&ref_=footer_plcc" type>Amazon Store Card</a>,
<a class="nav_a" href="/gp/product/B084KP3NG6?plattr=SCFOOT&ref_=footer_ACB" type>Amazon Secured Card</a>,
<a class="nav_a" href="/dp/B07984JN3L?plattr=ACOMFO&ie=UTF-8" type>Amazon Business Card</a>,
<a class="nav_a" href="/gp/browse.html?node=16218619011&ref_=footer_swp" type>Shop with Points</a>,
<a class="nav_a" href="/gp/browse.html?node=3561432011&ref_=footer_ccmp" type>Credit Card Marketplace</a>,
<a class="nav_a" href="/gp/browse.html?node=10232440011&ref_=footer_reload_us" type>Reload Your Balance</a>,
<a class="nav_a" href="/gp/browse.html?node=388305011&ref_=footer_tfx" type>Amazon Currency Converter</a>,
<a class="nav_a" href="/gp/help/customer/display.html?nodeId=GDFU3JS5AL6SYHRD&ref_=footer_covid" type>Amazon and COVID-19</a>,
<a class="nav_a" href="https://www.amazon.com/gp/css/homepage.html?ref_=footer_ya" type>Your Account</a>,
<a class="nav_a" href="https://www.amazon.com/gp/css/order-history?ref_=footer_yo" type>Your Orders</a>,
<a class="nav_a" href="/gp/help/customer/display.html?nodeId=468520&ref_=footer_shiprates" type>Shipping Rates & Policies</a>,
<a class="nav_a" href="/gp/prime?ref_=footer_prime" type>Amazon Prime</a>,
<a class="nav_a" href="/gp/css/returns/homepage.html?ref_=footer_hy_f_4" type>Returns & Replacements</a>,
<a class="nav_a" href="/hz/mycd/myx?ref_=footer_myk" type>Manage Your Content and Devices</a>,
<a class="nav_a" href="https://www.amazon.com/your-product-safety-alerts?ref_=footer_bsx_ypsa" type>Your Recalls and Product Safety Alerts</a>,
<a class="nav_a" href="/gp/BIT/ref=footer_bit_v2_us_A0029?bitCampaignCode=A0029" type>Amazon Assistant</a>,
<a class="nav_a" href="/gp/help/customer/display.html?nodeId=508510&ref_=footer_gw_m_b_he" type>Help</a>,
<a href="/?ref_=footer_logo" type></a>,
<a class="icp-button" href="/customer-preferences/edit?ie=UTF8&preferencesReturnUrl=%2F&ref_=footer_lang" id="icp-touch-link-language" type>English</a>,
<a class="icp-button" href="/customer-preferences/country?ie=UTF8&preferencesReturnUrl=%2F&ref_=footer_icp_cp" id="icp-touch-link-country" type>United States</a>,
<a class="nav_a" href="https://music.amazon.com?ref=dm_aff_amz_com" type>Amazon Music
Stream millions
of songs</a>,
<a class="nav_a" href="https://advertising.amazon.com/?ref=footer_advtsing_amzn_com" type>Amazon Advertising
Find, attract, and
engage customers</a>,
<a class="nav_a" href="/gp/browse.html?node=15547130011&ref_=_us_footer_drive" type>Amazon Drive
Cloud storage
from Amazon</a>,
<a class="nav_a" href="https://www.6pm.com" type>6pm
Score deals
on fashion brands</a>,
<a class="nav_a" href="https://www.abebooks.com" type>AbeBooks
Books, art
& collectibles</a>,
<a class="nav_a" href="https://www.acx.com/" type>ACX
Audiobook Publishing
Made Easy</a>,
<a class="nav_a" href="https://www.alexa.com" type>Alexa
Actionable Analytics
for the Web</a>,
<a class="nav_a" href="https://sell.amazon.com/?ld=AZUSSOA-footer-aff&ref_=footer_sell" type>Sell on Amazon
Start a Selling Account</a>,
<a class="nav_a" href="/business?ref_=footer_retail_b2b" type>Amazon Business
Everything For
Your Business</a>,
<a class="nav_a" href="/alm/storefront?almBrandId=QW1hem9uIEZyZXNo&ref_=footer_aff_fresh" type>Amazon Fresh
Groceries & More
Right To Your Door</a>,
<a class="nav_a" href="/gp/browse.html?node=230659011&ref_=footer_amazonglobal" type>AmazonGlobal
Ship Orders
Internationally</a>,
<a class="nav_a" href="/services?ref_=footer_services" type>Home Services
Experienced Pros
Happiness Guarantee</a>,
<a class="nav_a" href="https://ignite.amazon.com/?ref=amazon_footer_ignite" type>Amazon Ignite
Sell your original
Digital Educational
Resources</a>,
<a class="nav_a" href="https://aws.amazon.com/what-is-cloud-computing/?sc_channel=EL&sc_campaign=amazonfooter" type>Amazon Web Services
Scalable Cloud
Computing Services</a>,
<a class="nav_a" href="https://www.audible.com" type>Audible
Listen to Books & Original
Audio Performances</a>,
<a class="nav_a" href="https://www.bookdepository.com" type>Book Depository
Books With Free
Delivery Worldwide</a>,
<a class="nav_a" href="https://www.boxofficemojo.com/?ref_=amzn_nav_ftr" type>Box Office Mojo
Find Movie
Box Office Data</a>,
<a class="nav_a" href="https://www.comixology.com" type>ComiXology
Thousands of
Digital Comics</a>,
<a class="nav_a" href="https://www.dpreview.com" type>DPReview
Digital
Photography</a>,
<a class="nav_a" href="https://www.fabric.com" type>Fabric
Sewing, Quilting
& Knitting</a>,
<a class="nav_a" href="https://www.goodreads.com" type>Goodreads
Book reviews
& recommendations</a>,
<a class="nav_a" href="https://www.imdb.com" type>IMDb
Movies, TV
& Celebrities</a>,
<a class="nav_a" href="https://pro.imdb.com?ref_=amzn_nav_ftr" type>IMDbPro
Get Info Entertainment
Professionals Need</a>,
<a class="nav_a" href="https://kdp.amazon.com" type>Kindle Direct Publishing
Indie Digital & Print Publishing
Made Easy</a>,
<a class="nav_a" href="/gp/browse.html?node=13234696011&ref_=_gno_p_foot" type>Amazon Photos
Unlimited Photo Storage
Free With Prime</a>,
<a class="nav_a" href="https://videodirect.amazon.com/home/landing" type>Prime Video Direct
Video Distribution
Made Easy</a>,
<a class="nav_a" href="https://www.shopbop.com/welcome" type>Shopbop
Designer
Fashion Brands</a>,
<a class="nav_a" href="/gp/browse.html?node=10158976011&ref_=footer_wrhsdls" type>Amazon Warehouse
Great Deals on
Quality Used Products</a>,
<a class="nav_a" href="https://www.wholefoodsmarket.com" type>Whole Foods Market
America’s Healthiest
Grocery Store</a>,
<a class="nav_a" href="https://www.woot.com/" type>Woot!
Deals and
Shenanigans</a>,
<a class="nav_a" href="https://www.zappos.com" type>Zappos
Shoes &
Clothing</a>,
<a class="nav_a" href="https://ring.com" type>Ring
Smart Home
Security Systems</a>,
<a class="nav_a" href="https://eero.com/" type>eero WiFi
Stream 4K Video
in Every Room</a>,
<a class="nav_a" href="https://blinkforhome.com/?ref=nav_footer" type>Blink
Smart Security
for Every Home</a>,
<a class="nav_a" href="https://shop.ring.com/pages/neighbors-app" type>Neighbors App
Real-Time Crime
& Safety Alerts</a>,
<a class="nav_a" href="/gp/browse.html?node=14498690011&ref_=amzn_nav_ftr_swa" type>Amazon Subscription Boxes
Top subscription boxes – right to your door</a>,
<a class="nav_a" href="https://www.pillpack.com" type>PillPack
Pharmacy Simplified</a>,
<a class="nav_a" href="/gp/browse.html?node=12653393011&ref_=footer_usrenew" type>Amazon Renewed
Like-new products
you can trust</a>,
<a class="nav_a" href="/gp/help/customer/display.html?nodeId=508088&ref_=footer_cou" type>Conditions of Use</a>,
<a class="nav_a" href="/gp/help/customer/display.html?nodeId=468496&ref_=footer_privacy" type>Privacy Notice</a>,
<a class="nav_a" href="/interestbasedads/ref=footer_iba" type>Interest-Based Ads</a>
]
Screenshot: file:/E:/march%20automation/selenium/ews%202022%20sep/SelenideSession/build/reports/tests/1664778881210.0.png
Page source: file:/E:/march%20automation/selenium/ews%202022%20sep/SelenideSession/build/reports/tests/1664778881210.0.html
Timeout: 4 s.
at com.codeborne.selenide.collections.SizeLessThan.fail(SizeLessThan.java:30)
at com.codeborne.selenide.ElementsCollection.waitUntil(ElementsCollection.java:221)
at com.codeborne.selenide.ElementsCollection.should(ElementsCollection.java:166)
at com.codeborne.selenide.ElementsCollection.shouldHave(ElementsCollection.java:128)
at org.tests.FindElementsConcept.elementsTest(FindElementsConcept.java:31)
at java.base/jdk.internal.reflect.NativeMethodAccessorImpl.invoke0(Native Method)
at java.base/jdk.internal.reflect.NativeMethodAccessorImpl.invoke(NativeMethodAccessorImpl.java:64)
at java.base/jdk.internal.reflect.DelegatingMethodAccessorImpl.invoke(DelegatingMethodAccessorImpl.java:43)
at java.base/java.lang.reflect.Method.invoke(Method.java:564)
at org.testng.internal.MethodInvocationHelper.invokeMethod(MethodInvocationHelper.java:124)
at org.testng.internal.Invoker.invokeMethod(Invoker.java:583)
at org.testng.internal.Invoker.invokeTestMethod(Invoker.java:719)
at org.testng.internal.Invoker.invokeTestMethods(Invoker.java:989)
at org.testng.internal.TestMethodWorker.invokeTestMethods(TestMethodWorker.java:125)
at org.testng.internal.TestMethodWorker.run(TestMethodWorker.java:109)
at org.testng.TestRunner.privateRun(TestRunner.java:648)
at org.testng.TestRunner.run(TestRunner.java:505)
at org.testng.SuiteRunner.runTest(SuiteRunner.java:455)
at org.testng.SuiteRunner.runSequentially(SuiteRunner.java:450)
at org.testng.SuiteRunner.privateRun(SuiteRunner.java:415)
at org.testng.SuiteRunner.run(SuiteRunner.java:364)
at org.testng.SuiteRunnerWorker.runSuite(SuiteRunnerWorker.java:52)
at org.testng.SuiteRunnerWorker.run(SuiteRunnerWorker.java:84)
at org.testng.TestNG.runSuitesSequentially(TestNG.java:1208)
at org.testng.TestNG.runSuitesLocally(TestNG.java:1137)
at org.testng.TestNG.runSuites(TestNG.java:1049)
at org.testng.TestNG.run(TestNG.java:1017)
at org.testng.remote.AbstractRemoteTestNG.run(AbstractRemoteTestNG.java:114)
at org.testng.remote.RemoteTestNG.initAndRun(RemoteTestNG.java:251)
at org.testng.remote.RemoteTestNG.main(RemoteTestNG.java:77)
]]>
    </failure>
  </testcase> <!-- elementsTest -->
</testsuite> <!-- org.tests.FindElementsConcept -->
