<?xml version="1.0" encoding="UTF-8"?>
<!-- Generated by org.testng.reporters.JUnitXMLReporter -->
<testsuite ignored="1" hostname="PREM-OPTIMUS" failures="0" tests="5" name="ChromeTest" time="0.366" errors="0" timestamp="03 Oct 2022 18:28:02 GMT">
  <testcase classname="pack.TNG_001" name="@BeforeMethod startProcess" time="0.31">
    <failure type="java.lang.NullPointerException" message="Cannot invoke &amp;quot;org.openqa.selenium.WebDriver.get(String)&amp;quot; because &amp;quot;pack.BaseTest.driver&amp;quot; is null">
      <![CDATA[java.lang.NullPointerException: Cannot invoke "org.openqa.selenium.WebDriver.get(String)" because "pack.BaseTest.driver" is nullat pack.BaseTest.navigateUrl(BaseTest.java:133)at pack.TNG_001.startProcess(TNG_001.java:32)... Removed 28 stack frames]]>
    </failure>
  </testcase> <!-- @BeforeMethod startProcess -->
  <testcase classname="pack.TNG_001" name="@AfterMethod endProcess" time="0.0">
    <skipped/>
  </testcase> <!-- @AfterMethod endProcess -->
  <testcase classname="pack.NewTest1" name="f" time="0.008"/>
  <testcase classname="pack.TNG_001" name="amazon" time="0.0">
    <skipped/>
  </testcase> <!-- amazon -->
  <testcase classname="pack.NewTest" name="f" time="0.0"/>
  <testcase classname="pack.NewTest2" name="f" time="0.002"/>
  <testcase classname="pack.NewTest2" name="a" time="0.001"/>
  <testcase classname="pack.NewTest2" name="z" time="0.0">
    <ignored/>
  </testcase> <!-- z -->
</testsuite> <!-- ChromeTest -->
